 * Serving Flask app 'app'
 * Debug mode: off
WARNING: This is a development server. Do not use it in a production deployment. Use a production WSGI server instead.
 * Running on http://127.0.0.1:5000
Press CTRL+C to quit
127.0.0.1 - - [21/May/2026 12:22:43] "GET /api/live-tours?mls=N13106358 HTTP/1.1" 200 -
127.0.0.1 - - [21/May/2026 12:23:20] "GET /api/auth/ HTTP/1.1" 200 -
127.0.0.1 - - [21/May/2026 12:23:20] "GET /api/listings/address-index HTTP/1.1" 200 -
[2026-05-21 12:23:20,492] ERROR in app: Exception on /api/search/terms [GET]
Traceback (most recent call last):
  File "C:\Users\Hrana\OneDrive\MiaSoft\tourit\venv_yillow\Lib\site-packages\sqlalchemy\engine\base.py", line 1967, in _exec_single_context
    self.dialect.do_execute(
    ~~~~~~~~~~~~~~~~~~~~~~~^
        cursor, str_statement, effective_parameters, context
        ^^^^^^^^^^^^^^^^^^^^^^^^^^^^^^^^^^^^^^^^^^^^^^^^^^^^
    )
    ^
  File "C:\Users\Hrana\OneDrive\MiaSoft\tourit\venv_yillow\Lib\site-packages\sqlalchemy\engine\default.py", line 952, in do_execute
    cursor.execute(statement, parameters)
    ~~~~~~~~~~~~~~^^^^^^^^^^^^^^^^^^^^^^^
sqlite3.OperationalError: no such table: mls_listings

The above exception was the direct cause of the following exception:

Traceback (most recent call last):
  File "C:\Users\Hrana\OneDrive\MiaSoft\tourit\venv_yillow\Lib\site-packages\flask\app.py", line 1511, in wsgi_app
    response = self.full_dispatch_request()
  File "C:\Users\Hrana\OneDrive\MiaSoft\tourit\venv_yillow\Lib\site-packages\flask\app.py", line 919, in full_dispatch_request
    rv = self.handle_user_exception(e)
  File "C:\Users\Hrana\OneDrive\MiaSoft\tourit\venv_yillow\Lib\site-packages\flask_cors\extension.py", line 176, in wrapped_function
    return cors_after_request(app.make_response(f(*args, **kwargs)))
                                                ~^^^^^^^^^^^^^^^^^
  File "C:\Users\Hrana\OneDrive\MiaSoft\tourit\venv_yillow\Lib\site-packages\flask\app.py", line 917, in full_dispatch_request
    rv = self.dispatch_request()
  File "C:\Users\Hrana\OneDrive\MiaSoft\tourit\venv_yillow\Lib\site-packages\flask\app.py", line 902, in dispatch_request
    return self.ensure_sync(self.view_functions[rule.endpoint])(**view_args)  # type: ignore[no-any-return]
           ~~~~~~~~~~~~~~~~~~~~~~~~~~~~~~~~~~~~~~~~~~~~~~~~~~~~^^^^^^^^^^^^^
  File "C:\Users\Hrana\OneDrive\MiaSoft\tourit\app\api\search_routes.py", line 124, in search_terms
    .all()
     ~~~^^
  File "C:\Users\Hrana\OneDrive\MiaSoft\tourit\venv_yillow\Lib\site-packages\sqlalchemy\orm\query.py", line 2711, in all
    return self._iter().all()  # type: ignore
           ~~~~~~~~~~^^
  File "C:\Users\Hrana\OneDrive\MiaSoft\tourit\venv_yillow\Lib\site-packages\sqlalchemy\orm\query.py", line 2864, in _iter
    result: Union[ScalarResult[_T], Result[_T]] = self.session.execute(
                                                  ~~~~~~~~~~~~~~~~~~~~^
        statement,
        ^^^^^^^^^^
        params,
        ^^^^^^^
        execution_options={"_sa_orm_load_options": self.load_options},
        ^^^^^^^^^^^^^^^^^^^^^^^^^^^^^^^^^^^^^^^^^^^^^^^^^^^^^^^^^^^^^^
    )
    ^
  File "C:\Users\Hrana\OneDrive\MiaSoft\tourit\venv_yillow\Lib\site-packages\sqlalchemy\orm\session.py", line 2351, in execute
    return self._execute_internal(
           ~~~~~~~~~~~~~~~~~~~~~~^
        statement,
        ^^^^^^^^^^
    ...<4 lines>...
        _add_event=_add_event,
        ^^^^^^^^^^^^^^^^^^^^^^
    )
    ^
  File "C:\Users\Hrana\OneDrive\MiaSoft\tourit\venv_yillow\Lib\site-packages\sqlalchemy\orm\session.py", line 2249, in _execute_internal
    result: Result[Any] = compile_state_cls.orm_execute_statement(
                          ~~~~~~~~~~~~~~~~~~~~~~~~~~~~~~~~~~~~~~~^
        self,
        ^^^^^
    ...<4 lines>...
        conn,
        ^^^^^
    )
    ^
  File "C:\Users\Hrana\OneDrive\MiaSoft\tourit\venv_yillow\Lib\site-packages\sqlalchemy\orm\context.py", line 306, in orm_execute_statement
    result = conn.execute(
        statement, params or {}, execution_options=execution_options
    )
  File "C:\Users\Hrana\OneDrive\MiaSoft\tourit\venv_yillow\Lib\site-packages\sqlalchemy\engine\base.py", line 1419, in execute
    return meth(
        self,
        distilled_parameters,
        execution_options or NO_OPTIONS,
    )
  File "C:\Users\Hrana\OneDrive\MiaSoft\tourit\venv_yillow\Lib\site-packages\sqlalchemy\sql\elements.py", line 527, in _execute_on_connection
    return connection._execute_clauseelement(
           ~~~~~~~~~~~~~~~~~~~~~~~~~~~~~~~~~^
        self, distilled_params, execution_options
        ^^^^^^^^^^^^^^^^^^^^^^^^^^^^^^^^^^^^^^^^^
    )
    ^
  File "C:\Users\Hrana\OneDrive\MiaSoft\tourit\venv_yillow\Lib\site-packages\sqlalchemy\engine\base.py", line 1641, in _execute_clauseelement
    ret = self._execute_context(
        dialect,
    ...<8 lines>...
        cache_hit=cache_hit,
    )
  File "C:\Users\Hrana\OneDrive\MiaSoft\tourit\venv_yillow\Lib\site-packages\sqlalchemy\engine\base.py", line 1846, in _execute_context
    return self._exec_single_context(
           ~~~~~~~~~~~~~~~~~~~~~~~~~^
        dialect, context, statement, parameters
        ^^^^^^^^^^^^^^^^^^^^^^^^^^^^^^^^^^^^^^^
    )
    ^
  File "C:\Users\Hrana\OneDrive\MiaSoft\tourit\venv_yillow\Lib\site-packages\sqlalchemy\engine\base.py", line 1986, in _exec_single_context
    self._handle_dbapi_exception(
    ~~~~~~~~~~~~~~~~~~~~~~~~~~~~^
        e, str_statement, effective_parameters, cursor, context
        ^^^^^^^^^^^^^^^^^^^^^^^^^^^^^^^^^^^^^^^^^^^^^^^^^^^^^^^
    )
    ^
  File "C:\Users\Hrana\OneDrive\MiaSoft\tourit\venv_yillow\Lib\site-packages\sqlalchemy\engine\base.py", line 2363, in _handle_dbapi_exception
    raise sqlalchemy_exception.with_traceback(exc_info[2]) from e
  File "C:\Users\Hrana\OneDrive\MiaSoft\tourit\venv_yillow\Lib\site-packages\sqlalchemy\engine\base.py", line 1967, in _exec_single_context
    self.dialect.do_execute(
    ~~~~~~~~~~~~~~~~~~~~~~~^
        cursor, str_statement, effective_parameters, context
        ^^^^^^^^^^^^^^^^^^^^^^^^^^^^^^^^^^^^^^^^^^^^^^^^^^^^
    )
    ^
  File "C:\Users\Hrana\OneDrive\MiaSoft\tourit\venv_yillow\Lib\site-packages\sqlalchemy\engine\default.py", line 952, in do_execute
    cursor.execute(statement, parameters)
    ~~~~~~~~~~~~~~^^^^^^^^^^^^^^^^^^^^^^^
sqlalchemy.exc.OperationalError: (sqlite3.OperationalError) no such table: mls_listings
[SQL: SELECT DISTINCT mls_listings.city AS mls_listings_city 
FROM mls_listings 
WHERE mls_listings.city IS NOT NULL AND mls_listings.city != ?
 LIMIT ? OFFSET ?]
[parameters: ('', 300, 0)]
(Background on this error at: https://sqlalche.me/e/20/e3q8)
127.0.0.1 - - [21/May/2026 12:23:20] "GET /api/search/terms HTTP/1.1" 500 -
127.0.0.1 - - [21/May/2026 12:23:20] "POST /api/listings?view=map HTTP/1.1" 200 -
127.0.0.1 - - [21/May/2026 12:23:21] "POST /api/listings?view=map HTTP/1.1" 200 -
127.0.0.1 - - [21/May/2026 12:25:59] "GET /main.3fb40f15506538199890.hot-update.json HTTP/1.1" 404 -
127.0.0.1 - - [21/May/2026 12:26:01] "GET /api/auth/ HTTP/1.1" 200 -
127.0.0.1 - - [21/May/2026 12:26:01] "GET /api/listings/address-index HTTP/1.1" 200 -
[2026-05-21 12:26:01,875] ERROR in app: Exception on /api/search/terms [GET]
Traceback (most recent call last):
  File "C:\Users\Hrana\OneDrive\MiaSoft\tourit\venv_yillow\Lib\site-packages\sqlalchemy\engine\base.py", line 1967, in _exec_single_context
    self.dialect.do_execute(
    ~~~~~~~~~~~~~~~~~~~~~~~^
        cursor, str_statement, effective_parameters, context
        ^^^^^^^^^^^^^^^^^^^^^^^^^^^^^^^^^^^^^^^^^^^^^^^^^^^^
    )
    ^
  File "C:\Users\Hrana\OneDrive\MiaSoft\tourit\venv_yillow\Lib\site-packages\sqlalchemy\engine\default.py", line 952, in do_execute
    cursor.execute(statement, parameters)
    ~~~~~~~~~~~~~~^^^^^^^^^^^^^^^^^^^^^^^
sqlite3.OperationalError: no such table: mls_listings

The above exception was the direct cause of the following exception:

Traceback (most recent call last):
  File "C:\Users\Hrana\OneDrive\MiaSoft\tourit\venv_yillow\Lib\site-packages\flask\app.py", line 1511, in wsgi_app
    response = self.full_dispatch_request()
  File "C:\Users\Hrana\OneDrive\MiaSoft\tourit\venv_yillow\Lib\site-packages\flask\app.py", line 919, in full_dispatch_request
    rv = self.handle_user_exception(e)
  File "C:\Users\Hrana\OneDrive\MiaSoft\tourit\venv_yillow\Lib\site-packages\flask_cors\extension.py", line 176, in wrapped_function
    return cors_after_request(app.make_response(f(*args, **kwargs)))
                                                ~^^^^^^^^^^^^^^^^^
  File "C:\Users\Hrana\OneDrive\MiaSoft\tourit\venv_yillow\Lib\site-packages\flask\app.py", line 917, in full_dispatch_request
    rv = self.dispatch_request()
  File "C:\Users\Hrana\OneDrive\MiaSoft\tourit\venv_yillow\Lib\site-packages\flask\app.py", line 902, in dispatch_request
    return self.ensure_sync(self.view_functions[rule.endpoint])(**view_args)  # type: ignore[no-any-return]
           ~~~~~~~~~~~~~~~~~~~~~~~~~~~~~~~~~~~~~~~~~~~~~~~~~~~~^^^^^^^^^^^^^
  File "C:\Users\Hrana\OneDrive\MiaSoft\tourit\app\api\search_routes.py", line 124, in search_terms
    .all()
     ~~~^^
  File "C:\Users\Hrana\OneDrive\MiaSoft\tourit\venv_yillow\Lib\site-packages\sqlalchemy\orm\query.py", line 2711, in all
    return self._iter().all()  # type: ignore
           ~~~~~~~~~~^^
  File "C:\Users\Hrana\OneDrive\MiaSoft\tourit\venv_yillow\Lib\site-packages\sqlalchemy\orm\query.py", line 2864, in _iter
    result: Union[ScalarResult[_T], Result[_T]] = self.session.execute(
                                                  ~~~~~~~~~~~~~~~~~~~~^
        statement,
        ^^^^^^^^^^
        params,
        ^^^^^^^
        execution_options={"_sa_orm_load_options": self.load_options},
        ^^^^^^^^^^^^^^^^^^^^^^^^^^^^^^^^^^^^^^^^^^^^^^^^^^^^^^^^^^^^^^
    )
    ^
  File "C:\Users\Hrana\OneDrive\MiaSoft\tourit\venv_yillow\Lib\site-packages\sqlalchemy\orm\session.py", line 2351, in execute
    return self._execute_internal(
           ~~~~~~~~~~~~~~~~~~~~~~^
        statement,
        ^^^^^^^^^^
    ...<4 lines>...
        _add_event=_add_event,
        ^^^^^^^^^^^^^^^^^^^^^^
    )
    ^
  File "C:\Users\Hrana\OneDrive\MiaSoft\tourit\venv_yillow\Lib\site-packages\sqlalchemy\orm\session.py", line 2249, in _execute_internal
    result: Result[Any] = compile_state_cls.orm_execute_statement(
                          ~~~~~~~~~~~~~~~~~~~~~~~~~~~~~~~~~~~~~~~^
        self,
        ^^^^^
    ...<4 lines>...
        conn,
        ^^^^^
    )
    ^
  File "C:\Users\Hrana\OneDrive\MiaSoft\tourit\venv_yillow\Lib\site-packages\sqlalchemy\orm\context.py", line 306, in orm_execute_statement
    result = conn.execute(
        statement, params or {}, execution_options=execution_options
    )
  File "C:\Users\Hrana\OneDrive\MiaSoft\tourit\venv_yillow\Lib\site-packages\sqlalchemy\engine\base.py", line 1419, in execute
    return meth(
        self,
        distilled_parameters,
        execution_options or NO_OPTIONS,
    )
  File "C:\Users\Hrana\OneDrive\MiaSoft\tourit\venv_yillow\Lib\site-packages\sqlalchemy\sql\elements.py", line 527, in _execute_on_connection
    return connection._execute_clauseelement(
           ~~~~~~~~~~~~~~~~~~~~~~~~~~~~~~~~~^
        self, distilled_params, execution_options
        ^^^^^^^^^^^^^^^^^^^^^^^^^^^^^^^^^^^^^^^^^
    )
    ^
  File "C:\Users\Hrana\OneDrive\MiaSoft\tourit\venv_yillow\Lib\site-packages\sqlalchemy\engine\base.py", line 1641, in _execute_clauseelement
    ret = self._execute_context(
        dialect,
    ...<8 lines>...
        cache_hit=cache_hit,
    )
  File "C:\Users\Hrana\OneDrive\MiaSoft\tourit\venv_yillow\Lib\site-packages\sqlalchemy\engine\base.py", line 1846, in _execute_context
    return self._exec_single_context(
           ~~~~~~~~~~~~~~~~~~~~~~~~~^
        dialect, context, statement, parameters
        ^^^^^^^^^^^^^^^^^^^^^^^^^^^^^^^^^^^^^^^
    )
    ^
  File "C:\Users\Hrana\OneDrive\MiaSoft\tourit\venv_yillow\Lib\site-packages\sqlalchemy\engine\base.py", line 1986, in _exec_single_context
    self._handle_dbapi_exception(
    ~~~~~~~~~~~~~~~~~~~~~~~~~~~~^
        e, str_statement, effective_parameters, cursor, context
        ^^^^^^^^^^^^^^^^^^^^^^^^^^^^^^^^^^^^^^^^^^^^^^^^^^^^^^^
    )
    ^
  File "C:\Users\Hrana\OneDrive\MiaSoft\tourit\venv_yillow\Lib\site-packages\sqlalchemy\engine\base.py", line 2363, in _handle_dbapi_exception
    raise sqlalchemy_exception.with_traceback(exc_info[2]) from e
  File "C:\Users\Hrana\OneDrive\MiaSoft\tourit\venv_yillow\Lib\site-packages\sqlalchemy\engine\base.py", line 1967, in _exec_single_context
    self.dialect.do_execute(
    ~~~~~~~~~~~~~~~~~~~~~~~^
        cursor, str_statement, effective_parameters, context
        ^^^^^^^^^^^^^^^^^^^^^^^^^^^^^^^^^^^^^^^^^^^^^^^^^^^^
    )
    ^
  File "C:\Users\Hrana\OneDrive\MiaSoft\tourit\venv_yillow\Lib\site-packages\sqlalchemy\engine\default.py", line 952, in do_execute
    cursor.execute(statement, parameters)
    ~~~~~~~~~~~~~~^^^^^^^^^^^^^^^^^^^^^^^
sqlalchemy.exc.OperationalError: (sqlite3.OperationalError) no such table: mls_listings
[SQL: SELECT DISTINCT mls_listings.city AS mls_listings_city 
FROM mls_listings 
WHERE mls_listings.city IS NOT NULL AND mls_listings.city != ?
 LIMIT ? OFFSET ?]
[parameters: ('', 300, 0)]
(Background on this error at: https://sqlalche.me/e/20/e3q8)
127.0.0.1 - - [21/May/2026 12:26:01] "GET /api/search/terms HTTP/1.1" 500 -
127.0.0.1 - - [21/May/2026 12:26:01] "GET /api/auth/ HTTP/1.1" 200 -
127.0.0.1 - - [21/May/2026 12:26:02] "GET /api/listings/address-index HTTP/1.1" 200 -
[2026-05-21 12:26:02,329] ERROR in app: Exception on /api/search/terms [GET]
Traceback (most recent call last):
  File "C:\Users\Hrana\OneDrive\MiaSoft\tourit\venv_yillow\Lib\site-packages\sqlalchemy\engine\base.py", line 1967, in _exec_single_context
    self.dialect.do_execute(
    ~~~~~~~~~~~~~~~~~~~~~~~^
        cursor, str_statement, effective_parameters, context
        ^^^^^^^^^^^^^^^^^^^^^^^^^^^^^^^^^^^^^^^^^^^^^^^^^^^^
    )
    ^
  File "C:\Users\Hrana\OneDrive\MiaSoft\tourit\venv_yillow\Lib\site-packages\sqlalchemy\engine\default.py", line 952, in do_execute
    cursor.execute(statement, parameters)
    ~~~~~~~~~~~~~~^^^^^^^^^^^^^^^^^^^^^^^
sqlite3.OperationalError: no such table: mls_listings

The above exception was the direct cause of the following exception:

Traceback (most recent call last):
  File "C:\Users\Hrana\OneDrive\MiaSoft\tourit\venv_yillow\Lib\site-packages\flask\app.py", line 1511, in wsgi_app
    response = self.full_dispatch_request()
  File "C:\Users\Hrana\OneDrive\MiaSoft\tourit\venv_yillow\Lib\site-packages\flask\app.py", line 919, in full_dispatch_request
    rv = self.handle_user_exception(e)
  File "C:\Users\Hrana\OneDrive\MiaSoft\tourit\venv_yillow\Lib\site-packages\flask_cors\extension.py", line 176, in wrapped_function
    return cors_after_request(app.make_response(f(*args, **kwargs)))
                                                ~^^^^^^^^^^^^^^^^^
  File "C:\Users\Hrana\OneDrive\MiaSoft\tourit\venv_yillow\Lib\site-packages\flask\app.py", line 917, in full_dispatch_request
    rv = self.dispatch_request()
  File "C:\Users\Hrana\OneDrive\MiaSoft\tourit\venv_yillow\Lib\site-packages\flask\app.py", line 902, in dispatch_request
    return self.ensure_sync(self.view_functions[rule.endpoint])(**view_args)  # type: ignore[no-any-return]
           ~~~~~~~~~~~~~~~~~~~~~~~~~~~~~~~~~~~~~~~~~~~~~~~~~~~~^^^^^^^^^^^^^
  File "C:\Users\Hrana\OneDrive\MiaSoft\tourit\app\api\search_routes.py", line 124, in search_terms
    .all()
     ~~~^^
  File "C:\Users\Hrana\OneDrive\MiaSoft\tourit\venv_yillow\Lib\site-packages\sqlalchemy\orm\query.py", line 2711, in all
    return self._iter().all()  # type: ignore
           ~~~~~~~~~~^^
  File "C:\Users\Hrana\OneDrive\MiaSoft\tourit\venv_yillow\Lib\site-packages\sqlalchemy\orm\query.py", line 2864, in _iter
    result: Union[ScalarResult[_T], Result[_T]] = self.session.execute(
                                                  ~~~~~~~~~~~~~~~~~~~~^
        statement,
        ^^^^^^^^^^
        params,
        ^^^^^^^
        execution_options={"_sa_orm_load_options": self.load_options},
        ^^^^^^^^^^^^^^^^^^^^^^^^^^^^^^^^^^^^^^^^^^^^^^^^^^^^^^^^^^^^^^
    )
    ^
  File "C:\Users\Hrana\OneDrive\MiaSoft\tourit\venv_yillow\Lib\site-packages\sqlalchemy\orm\session.py", line 2351, in execute
    return self._execute_internal(
           ~~~~~~~~~~~~~~~~~~~~~~^
        statement,
        ^^^^^^^^^^
    ...<4 lines>...
        _add_event=_add_event,
        ^^^^^^^^^^^^^^^^^^^^^^
    )
    ^
  File "C:\Users\Hrana\OneDrive\MiaSoft\tourit\venv_yillow\Lib\site-packages\sqlalchemy\orm\session.py", line 2249, in _execute_internal
    result: Result[Any] = compile_state_cls.orm_execute_statement(
                          ~~~~~~~~~~~~~~~~~~~~~~~~~~~~~~~~~~~~~~~^
        self,
        ^^^^^
    ...<4 lines>...
        conn,
        ^^^^^
    )
    ^
  File "C:\Users\Hrana\OneDrive\MiaSoft\tourit\venv_yillow\Lib\site-packages\sqlalchemy\orm\context.py", line 306, in orm_execute_statement
    result = conn.execute(
        statement, params or {}, execution_options=execution_options
    )
  File "C:\Users\Hrana\OneDrive\MiaSoft\tourit\venv_yillow\Lib\site-packages\sqlalchemy\engine\base.py", line 1419, in execute
    return meth(
        self,
        distilled_parameters,
        execution_options or NO_OPTIONS,
    )
  File "C:\Users\Hrana\OneDrive\MiaSoft\tourit\venv_yillow\Lib\site-packages\sqlalchemy\sql\elements.py", line 527, in _execute_on_connection
    return connection._execute_clauseelement(
           ~~~~~~~~~~~~~~~~~~~~~~~~~~~~~~~~~^
        self, distilled_params, execution_options
        ^^^^^^^^^^^^^^^^^^^^^^^^^^^^^^^^^^^^^^^^^
    )
    ^
  File "C:\Users\Hrana\OneDrive\MiaSoft\tourit\venv_yillow\Lib\site-packages\sqlalchemy\engine\base.py", line 1641, in _execute_clauseelement
    ret = self._execute_context(
        dialect,
    ...<8 lines>...
        cache_hit=cache_hit,
    )
  File "C:\Users\Hrana\OneDrive\MiaSoft\tourit\venv_yillow\Lib\site-packages\sqlalchemy\engine\base.py", line 1846, in _execute_context
    return self._exec_single_context(
           ~~~~~~~~~~~~~~~~~~~~~~~~~^
        dialect, context, statement, parameters
        ^^^^^^^^^^^^^^^^^^^^^^^^^^^^^^^^^^^^^^^
    )
    ^
  File "C:\Users\Hrana\OneDrive\MiaSoft\tourit\venv_yillow\Lib\site-packages\sqlalchemy\engine\base.py", line 1986, in _exec_single_context
    self._handle_dbapi_exception(
    ~~~~~~~~~~~~~~~~~~~~~~~~~~~~^
        e, str_statement, effective_parameters, cursor, context
        ^^^^^^^^^^^^^^^^^^^^^^^^^^^^^^^^^^^^^^^^^^^^^^^^^^^^^^^
    )
    ^
  File "C:\Users\Hrana\OneDrive\MiaSoft\tourit\venv_yillow\Lib\site-packages\sqlalchemy\engine\base.py", line 2363, in _handle_dbapi_exception
    raise sqlalchemy_exception.with_traceback(exc_info[2]) from e
  File "C:\Users\Hrana\OneDrive\MiaSoft\tourit\venv_yillow\Lib\site-packages\sqlalchemy\engine\base.py", line 1967, in _exec_single_context
    self.dialect.do_execute(
    ~~~~~~~~~~~~~~~~~~~~~~~^
        cursor, str_statement, effective_parameters, context
        ^^^^^^^^^^^^^^^^^^^^^^^^^^^^^^^^^^^^^^^^^^^^^^^^^^^^
    )
    ^
  File "C:\Users\Hrana\OneDrive\MiaSoft\tourit\venv_yillow\Lib\site-packages\sqlalchemy\engine\default.py", line 952, in do_execute
    cursor.execute(statement, parameters)
    ~~~~~~~~~~~~~~^^^^^^^^^^^^^^^^^^^^^^^
sqlalchemy.exc.OperationalError: (sqlite3.OperationalError) no such table: mls_listings
[SQL: SELECT DISTINCT mls_listings.city AS mls_listings_city 
FROM mls_listings 
WHERE mls_listings.city IS NOT NULL AND mls_listings.city != ?
 LIMIT ? OFFSET ?]
[parameters: ('', 300, 0)]
(Background on this error at: https://sqlalche.me/e/20/e3q8)
127.0.0.1 - - [21/May/2026 12:26:02] "GET /api/search/terms HTTP/1.1" 500 -
127.0.0.1 - - [21/May/2026 12:26:02] "POST /api/listings?view=map HTTP/1.1" 200 -
127.0.0.1 - - [21/May/2026 12:26:03] "POST /api/listings?view=map HTTP/1.1" 200 -
127.0.0.1 - - [21/May/2026 12:26:03] "POST /api/listings?view=map HTTP/1.1" 200 -
127.0.0.1 - - [21/May/2026 12:35:37] "GET /api/auth/ HTTP/1.1" 200 -
127.0.0.1 - - [21/May/2026 12:35:37] "GET /api/listings/address-index HTTP/1.1" 200 -
127.0.0.1 - - [21/May/2026 12:35:37] "POST /api/listings?view=map HTTP/1.1" 200 -
[2026-05-21 12:35:37,567] ERROR in app: Exception on /api/search/terms [GET]
Traceback (most recent call last):
  File "C:\Users\Hrana\OneDrive\MiaSoft\tourit\venv_yillow\Lib\site-packages\sqlalchemy\engine\base.py", line 1967, in _exec_single_context
    self.dialect.do_execute(
    ~~~~~~~~~~~~~~~~~~~~~~~^
        cursor, str_statement, effective_parameters, context
        ^^^^^^^^^^^^^^^^^^^^^^^^^^^^^^^^^^^^^^^^^^^^^^^^^^^^
    )
    ^
  File "C:\Users\Hrana\OneDrive\MiaSoft\tourit\venv_yillow\Lib\site-packages\sqlalchemy\engine\default.py", line 952, in do_execute
    cursor.execute(statement, parameters)
    ~~~~~~~~~~~~~~^^^^^^^^^^^^^^^^^^^^^^^
sqlite3.OperationalError: no such table: mls_listings

The above exception was the direct cause of the following exception:

Traceback (most recent call last):
  File "C:\Users\Hrana\OneDrive\MiaSoft\tourit\venv_yillow\Lib\site-packages\flask\app.py", line 1511, in wsgi_app
    response = self.full_dispatch_request()
  File "C:\Users\Hrana\OneDrive\MiaSoft\tourit\venv_yillow\Lib\site-packages\flask\app.py", line 919, in full_dispatch_request
    rv = self.handle_user_exception(e)
  File "C:\Users\Hrana\OneDrive\MiaSoft\tourit\venv_yillow\Lib\site-packages\flask_cors\extension.py", line 176, in wrapped_function
    return cors_after_request(app.make_response(f(*args, **kwargs)))
                                                ~^^^^^^^^^^^^^^^^^
  File "C:\Users\Hrana\OneDrive\MiaSoft\tourit\venv_yillow\Lib\site-packages\flask\app.py", line 917, in full_dispatch_request
    rv = self.dispatch_request()
  File "C:\Users\Hrana\OneDrive\MiaSoft\tourit\venv_yillow\Lib\site-packages\flask\app.py", line 902, in dispatch_request
    return self.ensure_sync(self.view_functions[rule.endpoint])(**view_args)  # type: ignore[no-any-return]
           ~~~~~~~~~~~~~~~~~~~~~~~~~~~~~~~~~~~~~~~~~~~~~~~~~~~~^^^^^^^^^^^^^
  File "C:\Users\Hrana\OneDrive\MiaSoft\tourit\app\api\search_routes.py", line 124, in search_terms
    .all()
     ~~~^^
  File "C:\Users\Hrana\OneDrive\MiaSoft\tourit\venv_yillow\Lib\site-packages\sqlalchemy\orm\query.py", line 2711, in all
    return self._iter().all()  # type: ignore
           ~~~~~~~~~~^^
  File "C:\Users\Hrana\OneDrive\MiaSoft\tourit\venv_yillow\Lib\site-packages\sqlalchemy\orm\query.py", line 2864, in _iter
    result: Union[ScalarResult[_T], Result[_T]] = self.session.execute(
                                                  ~~~~~~~~~~~~~~~~~~~~^
        statement,
        ^^^^^^^^^^
        params,
        ^^^^^^^
        execution_options={"_sa_orm_load_options": self.load_options},
        ^^^^^^^^^^^^^^^^^^^^^^^^^^^^^^^^^^^^^^^^^^^^^^^^^^^^^^^^^^^^^^
    )
    ^
  File "C:\Users\Hrana\OneDrive\MiaSoft\tourit\venv_yillow\Lib\site-packages\sqlalchemy\orm\session.py", line 2351, in execute
    return self._execute_internal(
           ~~~~~~~~~~~~~~~~~~~~~~^
        statement,
        ^^^^^^^^^^
    ...<4 lines>...
        _add_event=_add_event,
        ^^^^^^^^^^^^^^^^^^^^^^
    )
    ^
  File "C:\Users\Hrana\OneDrive\MiaSoft\tourit\venv_yillow\Lib\site-packages\sqlalchemy\orm\session.py", line 2249, in _execute_internal
    result: Result[Any] = compile_state_cls.orm_execute_statement(
                          ~~~~~~~~~~~~~~~~~~~~~~~~~~~~~~~~~~~~~~~^
        self,
        ^^^^^
    ...<4 lines>...
        conn,
        ^^^^^
    )
    ^
  File "C:\Users\Hrana\OneDrive\MiaSoft\tourit\venv_yillow\Lib\site-packages\sqlalchemy\orm\context.py", line 306, in orm_execute_statement
    result = conn.execute(
        statement, params or {}, execution_options=execution_options
    )
  File "C:\Users\Hrana\OneDrive\MiaSoft\tourit\venv_yillow\Lib\site-packages\sqlalchemy\engine\base.py", line 1419, in execute
    return meth(
        self,
        distilled_parameters,
        execution_options or NO_OPTIONS,
    )
  File "C:\Users\Hrana\OneDrive\MiaSoft\tourit\venv_yillow\Lib\site-packages\sqlalchemy\sql\elements.py", line 527, in _execute_on_connection
    return connection._execute_clauseelement(
           ~~~~~~~~~~~~~~~~~~~~~~~~~~~~~~~~~^
        self, distilled_params, execution_options
        ^^^^^^^^^^^^^^^^^^^^^^^^^^^^^^^^^^^^^^^^^
    )
    ^
  File "C:\Users\Hrana\OneDrive\MiaSoft\tourit\venv_yillow\Lib\site-packages\sqlalchemy\engine\base.py", line 1641, in _execute_clauseelement
    ret = self._execute_context(
        dialect,
    ...<8 lines>...
        cache_hit=cache_hit,
    )
  File "C:\Users\Hrana\OneDrive\MiaSoft\tourit\venv_yillow\Lib\site-packages\sqlalchemy\engine\base.py", line 1846, in _execute_context
    return self._exec_single_context(
           ~~~~~~~~~~~~~~~~~~~~~~~~~^
        dialect, context, statement, parameters
        ^^^^^^^^^^^^^^^^^^^^^^^^^^^^^^^^^^^^^^^
    )
    ^
  File "C:\Users\Hrana\OneDrive\MiaSoft\tourit\venv_yillow\Lib\site-packages\sqlalchemy\engine\base.py", line 1986, in _exec_single_context
    self._handle_dbapi_exception(
    ~~~~~~~~~~~~~~~~~~~~~~~~~~~~^
        e, str_statement, effective_parameters, cursor, context
        ^^^^^^^^^^^^^^^^^^^^^^^^^^^^^^^^^^^^^^^^^^^^^^^^^^^^^^^
    )
    ^
  File "C:\Users\Hrana\OneDrive\MiaSoft\tourit\venv_yillow\Lib\site-packages\sqlalchemy\engine\base.py", line 2363, in _handle_dbapi_exception
    raise sqlalchemy_exception.with_traceback(exc_info[2]) from e
  File "C:\Users\Hrana\OneDrive\MiaSoft\tourit\venv_yillow\Lib\site-packages\sqlalchemy\engine\base.py", line 1967, in _exec_single_context
    self.dialect.do_execute(
    ~~~~~~~~~~~~~~~~~~~~~~~^
        cursor, str_statement, effective_parameters, context
        ^^^^^^^^^^^^^^^^^^^^^^^^^^^^^^^^^^^^^^^^^^^^^^^^^^^^
    )
    ^
  File "C:\Users\Hrana\OneDrive\MiaSoft\tourit\venv_yillow\Lib\site-packages\sqlalchemy\engine\default.py", line 952, in do_execute
    cursor.execute(statement, parameters)
    ~~~~~~~~~~~~~~^^^^^^^^^^^^^^^^^^^^^^^
sqlalchemy.exc.OperationalError: (sqlite3.OperationalError) no such table: mls_listings
[SQL: SELECT DISTINCT mls_listings.city AS mls_listings_city 
FROM mls_listings 
WHERE mls_listings.city IS NOT NULL AND mls_listings.city != ?
 LIMIT ? OFFSET ?]
[parameters: ('', 300, 0)]
(Background on this error at: https://sqlalche.me/e/20/e3q8)
127.0.0.1 - - [21/May/2026 12:35:37] "GET /api/search/terms HTTP/1.1" 500 -
127.0.0.1 - - [21/May/2026 12:35:38] "POST /api/listings?view=map HTTP/1.1" 200 -
127.0.0.1 - - [21/May/2026 12:35:40] "POST /api/listings?view=map HTTP/1.1" 200 -
127.0.0.1 - - [21/May/2026 12:35:41] "POST /api/listings?view=map HTTP/1.1" 200 -
127.0.0.1 - - [21/May/2026 12:35:42] "POST /api/listings?view=map HTTP/1.1" 200 -
127.0.0.1 - - [21/May/2026 12:36:56] "GET /api/listings/TO000144 HTTP/1.1" 404 -
127.0.0.1 - - [21/May/2026 12:36:56] "GET /api/live-tours?mls=TO000144 HTTP/1.1" 200 -
[2026-05-21 12:36:56,910] ERROR in app: Exception on /api/agents/12 [GET]
Traceback (most recent call last):
  File "C:\Users\Hrana\OneDrive\MiaSoft\tourit\venv_yillow\Lib\site-packages\sqlalchemy\engine\base.py", line 1967, in _exec_single_context
    self.dialect.do_execute(
    ~~~~~~~~~~~~~~~~~~~~~~~^
        cursor, str_statement, effective_parameters, context
        ^^^^^^^^^^^^^^^^^^^^^^^^^^^^^^^^^^^^^^^^^^^^^^^^^^^^
    )
    ^
  File "C:\Users\Hrana\OneDrive\MiaSoft\tourit\venv_yillow\Lib\site-packages\sqlalchemy\engine\default.py", line 952, in do_execute
    cursor.execute(statement, parameters)
    ~~~~~~~~~~~~~~^^^^^^^^^^^^^^^^^^^^^^^
sqlite3.OperationalError: no such column: users.google_id

The above exception was the direct cause of the following exception:

Traceback (most recent call last):
  File "C:\Users\Hrana\OneDrive\MiaSoft\tourit\venv_yillow\Lib\site-packages\flask\app.py", line 1511, in wsgi_app
    response = self.full_dispatch_request()
  File "C:\Users\Hrana\OneDrive\MiaSoft\tourit\venv_yillow\Lib\site-packages\flask\app.py", line 919, in full_dispatch_request
    rv = self.handle_user_exception(e)
  File "C:\Users\Hrana\OneDrive\MiaSoft\tourit\venv_yillow\Lib\site-packages\flask_cors\extension.py", line 176, in wrapped_function
    return cors_after_request(app.make_response(f(*args, **kwargs)))
                                                ~^^^^^^^^^^^^^^^^^
  File "C:\Users\Hrana\OneDrive\MiaSoft\tourit\venv_yillow\Lib\site-packages\flask\app.py", line 917, in full_dispatch_request
    rv = self.dispatch_request()
  File "C:\Users\Hrana\OneDrive\MiaSoft\tourit\venv_yillow\Lib\site-packages\flask\app.py", line 902, in dispatch_request
    return self.ensure_sync(self.view_functions[rule.endpoint])(**view_args)  # type: ignore[no-any-return]
           ~~~~~~~~~~~~~~~~~~~~~~~~~~~~~~~~~~~~~~~~~~~~~~~~~~~~^^^^^^^^^^^^^
  File "C:\Users\Hrana\OneDrive\MiaSoft\tourit\app\api\agent_routes.py", line 89, in get_agent
    .first()
     ~~~~~^^
  File "C:\Users\Hrana\OneDrive\MiaSoft\tourit\venv_yillow\Lib\site-packages\sqlalchemy\orm\query.py", line 2766, in first
    return self.limit(1)._iter().first()  # type: ignore
           ~~~~~~~~~~~~~~~~~~~^^
  File "C:\Users\Hrana\OneDrive\MiaSoft\tourit\venv_yillow\Lib\site-packages\sqlalchemy\orm\query.py", line 2864, in _iter
    result: Union[ScalarResult[_T], Result[_T]] = self.session.execute(
                                                  ~~~~~~~~~~~~~~~~~~~~^
        statement,
        ^^^^^^^^^^
        params,
        ^^^^^^^
        execution_options={"_sa_orm_load_options": self.load_options},
        ^^^^^^^^^^^^^^^^^^^^^^^^^^^^^^^^^^^^^^^^^^^^^^^^^^^^^^^^^^^^^^
    )
    ^
  File "C:\Users\Hrana\OneDrive\MiaSoft\tourit\venv_yillow\Lib\site-packages\sqlalchemy\orm\session.py", line 2351, in execute
    return self._execute_internal(
           ~~~~~~~~~~~~~~~~~~~~~~^
        statement,
        ^^^^^^^^^^
    ...<4 lines>...
        _add_event=_add_event,
        ^^^^^^^^^^^^^^^^^^^^^^
    )
    ^
  File "C:\Users\Hrana\OneDrive\MiaSoft\tourit\venv_yillow\Lib\site-packages\sqlalchemy\orm\session.py", line 2249, in _execute_internal
    result: Result[Any] = compile_state_cls.orm_execute_statement(
                          ~~~~~~~~~~~~~~~~~~~~~~~~~~~~~~~~~~~~~~~^
        self,
        ^^^^^
    ...<4 lines>...
        conn,
        ^^^^^
    )
    ^
  File "C:\Users\Hrana\OneDrive\MiaSoft\tourit\venv_yillow\Lib\site-packages\sqlalchemy\orm\context.py", line 306, in orm_execute_statement
    result = conn.execute(
        statement, params or {}, execution_options=execution_options
    )
  File "C:\Users\Hrana\OneDrive\MiaSoft\tourit\venv_yillow\Lib\site-packages\sqlalchemy\engine\base.py", line 1419, in execute
    return meth(
        self,
        distilled_parameters,
        execution_options or NO_OPTIONS,
    )
  File "C:\Users\Hrana\OneDrive\MiaSoft\tourit\venv_yillow\Lib\site-packages\sqlalchemy\sql\elements.py", line 527, in _execute_on_connection
    return connection._execute_clauseelement(
           ~~~~~~~~~~~~~~~~~~~~~~~~~~~~~~~~~^
        self, distilled_params, execution_options
        ^^^^^^^^^^^^^^^^^^^^^^^^^^^^^^^^^^^^^^^^^
    )
    ^
  File "C:\Users\Hrana\OneDrive\MiaSoft\tourit\venv_yillow\Lib\site-packages\sqlalchemy\engine\base.py", line 1641, in _execute_clauseelement
    ret = self._execute_context(
        dialect,
    ...<8 lines>...
        cache_hit=cache_hit,
    )
  File "C:\Users\Hrana\OneDrive\MiaSoft\tourit\venv_yillow\Lib\site-packages\sqlalchemy\engine\base.py", line 1846, in _execute_context
    return self._exec_single_context(
           ~~~~~~~~~~~~~~~~~~~~~~~~~^
        dialect, context, statement, parameters
        ^^^^^^^^^^^^^^^^^^^^^^^^^^^^^^^^^^^^^^^
    )
    ^
  File "C:\Users\Hrana\OneDrive\MiaSoft\tourit\venv_yillow\Lib\site-packages\sqlalchemy\engine\base.py", line 1986, in _exec_single_context
    self._handle_dbapi_exception(
    ~~~~~~~~~~~~~~~~~~~~~~~~~~~~^
        e, str_statement, effective_parameters, cursor, context
        ^^^^^^^^^^^^^^^^^^^^^^^^^^^^^^^^^^^^^^^^^^^^^^^^^^^^^^^
    )
    ^
  File "C:\Users\Hrana\OneDrive\MiaSoft\tourit\venv_yillow\Lib\site-packages\sqlalchemy\engine\base.py", line 2363, in _handle_dbapi_exception
    raise sqlalchemy_exception.with_traceback(exc_info[2]) from e
  File "C:\Users\Hrana\OneDrive\MiaSoft\tourit\venv_yillow\Lib\site-packages\sqlalchemy\engine\base.py", line 1967, in _exec_single_context
    self.dialect.do_execute(
    ~~~~~~~~~~~~~~~~~~~~~~~^
        cursor, str_statement, effective_parameters, context
        ^^^^^^^^^^^^^^^^^^^^^^^^^^^^^^^^^^^^^^^^^^^^^^^^^^^^
    )
    ^
  File "C:\Users\Hrana\OneDrive\MiaSoft\tourit\venv_yillow\Lib\site-packages\sqlalchemy\engine\default.py", line 952, in do_execute
    cursor.execute(statement, parameters)
    ~~~~~~~~~~~~~~^^^^^^^^^^^^^^^^^^^^^^^
sqlalchemy.exc.OperationalError: (sqlite3.OperationalError) no such column: users.google_id
[SQL: SELECT users.id AS users_id, users.username AS users_username, users.email AS users_email, users.hashed_password AS users_hashed_password, users.google_id AS users_google_id, users.phone AS users_phone, users.agent AS users_agent, users.license_num AS users_license_num, users.bio AS users_bio, users.photo AS users_photo, users.broker_license AS users_broker_license, users.office AS users_office 
FROM users 
WHERE users.id = ? AND users.agent = 1
 LIMIT ? OFFSET ?]
[parameters: (12, 1, 0)]
(Background on this error at: https://sqlalche.me/e/20/e3q8)
127.0.0.1 - - [21/May/2026 12:36:56] "GET /api/agents/12 HTTP/1.1" 500 -
127.0.0.1 - - [21/May/2026 12:37:08] "POST /api/listings?view=map HTTP/1.1" 200 -
127.0.0.1 - - [21/May/2026 12:37:10] "GET /api/listings/TO000140 HTTP/1.1" 404 -
127.0.0.1 - - [21/May/2026 12:37:10] "GET /api/live-tours?mls=TO000140 HTTP/1.1" 200 -
[2026-05-21 12:37:10,526] ERROR in app: Exception on /api/agents/8 [GET]
Traceback (most recent call last):
  File "C:\Users\Hrana\OneDrive\MiaSoft\tourit\venv_yillow\Lib\site-packages\sqlalchemy\engine\base.py", line 1967, in _exec_single_context
    self.dialect.do_execute(
    ~~~~~~~~~~~~~~~~~~~~~~~^
        cursor, str_statement, effective_parameters, context
        ^^^^^^^^^^^^^^^^^^^^^^^^^^^^^^^^^^^^^^^^^^^^^^^^^^^^
    )
    ^
  File "C:\Users\Hrana\OneDrive\MiaSoft\tourit\venv_yillow\Lib\site-packages\sqlalchemy\engine\default.py", line 952, in do_execute
    cursor.execute(statement, parameters)
    ~~~~~~~~~~~~~~^^^^^^^^^^^^^^^^^^^^^^^
sqlite3.OperationalError: no such column: users.google_id

The above exception was the direct cause of the following exception:

Traceback (most recent call last):
  File "C:\Users\Hrana\OneDrive\MiaSoft\tourit\venv_yillow\Lib\site-packages\flask\app.py", line 1511, in wsgi_app
    response = self.full_dispatch_request()
  File "C:\Users\Hrana\OneDrive\MiaSoft\tourit\venv_yillow\Lib\site-packages\flask\app.py", line 919, in full_dispatch_request
    rv = self.handle_user_exception(e)
  File "C:\Users\Hrana\OneDrive\MiaSoft\tourit\venv_yillow\Lib\site-packages\flask_cors\extension.py", line 176, in wrapped_function
    return cors_after_request(app.make_response(f(*args, **kwargs)))
                                                ~^^^^^^^^^^^^^^^^^
  File "C:\Users\Hrana\OneDrive\MiaSoft\tourit\venv_yillow\Lib\site-packages\flask\app.py", line 917, in full_dispatch_request
    rv = self.dispatch_request()
  File "C:\Users\Hrana\OneDrive\MiaSoft\tourit\venv_yillow\Lib\site-packages\flask\app.py", line 902, in dispatch_request
    return self.ensure_sync(self.view_functions[rule.endpoint])(**view_args)  # type: ignore[no-any-return]
           ~~~~~~~~~~~~~~~~~~~~~~~~~~~~~~~~~~~~~~~~~~~~~~~~~~~~^^^^^^^^^^^^^
  File "C:\Users\Hrana\OneDrive\MiaSoft\tourit\app\api\agent_routes.py", line 89, in get_agent
    .first()
     ~~~~~^^
  File "C:\Users\Hrana\OneDrive\MiaSoft\tourit\venv_yillow\Lib\site-packages\sqlalchemy\orm\query.py", line 2766, in first
    return self.limit(1)._iter().first()  # type: ignore
           ~~~~~~~~~~~~~~~~~~~^^
  File "C:\Users\Hrana\OneDrive\MiaSoft\tourit\venv_yillow\Lib\site-packages\sqlalchemy\orm\query.py", line 2864, in _iter
    result: Union[ScalarResult[_T], Result[_T]] = self.session.execute(
                                                  ~~~~~~~~~~~~~~~~~~~~^
        statement,
        ^^^^^^^^^^
        params,
        ^^^^^^^
        execution_options={"_sa_orm_load_options": self.load_options},
        ^^^^^^^^^^^^^^^^^^^^^^^^^^^^^^^^^^^^^^^^^^^^^^^^^^^^^^^^^^^^^^
    )
    ^
  File "C:\Users\Hrana\OneDrive\MiaSoft\tourit\venv_yillow\Lib\site-packages\sqlalchemy\orm\session.py", line 2351, in execute
    return self._execute_internal(
           ~~~~~~~~~~~~~~~~~~~~~~^
        statement,
        ^^^^^^^^^^
    ...<4 lines>...
        _add_event=_add_event,
        ^^^^^^^^^^^^^^^^^^^^^^
    )
    ^
  File "C:\Users\Hrana\OneDrive\MiaSoft\tourit\venv_yillow\Lib\site-packages\sqlalchemy\orm\session.py", line 2249, in _execute_internal
    result: Result[Any] = compile_state_cls.orm_execute_statement(
                          ~~~~~~~~~~~~~~~~~~~~~~~~~~~~~~~~~~~~~~~^
        self,
        ^^^^^
    ...<4 lines>...
        conn,
        ^^^^^
    )
    ^
  File "C:\Users\Hrana\OneDrive\MiaSoft\tourit\venv_yillow\Lib\site-packages\sqlalchemy\orm\context.py", line 306, in orm_execute_statement
    result = conn.execute(
        statement, params or {}, execution_options=execution_options
    )
  File "C:\Users\Hrana\OneDrive\MiaSoft\tourit\venv_yillow\Lib\site-packages\sqlalchemy\engine\base.py", line 1419, in execute
    return meth(
        self,
        distilled_parameters,
        execution_options or NO_OPTIONS,
    )
  File "C:\Users\Hrana\OneDrive\MiaSoft\tourit\venv_yillow\Lib\site-packages\sqlalchemy\sql\elements.py", line 527, in _execute_on_connection
    return connection._execute_clauseelement(
           ~~~~~~~~~~~~~~~~~~~~~~~~~~~~~~~~~^
        self, distilled_params, execution_options
        ^^^^^^^^^^^^^^^^^^^^^^^^^^^^^^^^^^^^^^^^^
    )
    ^
  File "C:\Users\Hrana\OneDrive\MiaSoft\tourit\venv_yillow\Lib\site-packages\sqlalchemy\engine\base.py", line 1641, in _execute_clauseelement
    ret = self._execute_context(
        dialect,
    ...<8 lines>...
        cache_hit=cache_hit,
    )
  File "C:\Users\Hrana\OneDrive\MiaSoft\tourit\venv_yillow\Lib\site-packages\sqlalchemy\engine\base.py", line 1846, in _execute_context
    return self._exec_single_context(
           ~~~~~~~~~~~~~~~~~~~~~~~~~^
        dialect, context, statement, parameters
        ^^^^^^^^^^^^^^^^^^^^^^^^^^^^^^^^^^^^^^^
    )
    ^
  File "C:\Users\Hrana\OneDrive\MiaSoft\tourit\venv_yillow\Lib\site-packages\sqlalchemy\engine\base.py", line 1986, in _exec_single_context
    self._handle_dbapi_exception(
    ~~~~~~~~~~~~~~~~~~~~~~~~~~~~^
        e, str_statement, effective_parameters, cursor, context
        ^^^^^^^^^^^^^^^^^^^^^^^^^^^^^^^^^^^^^^^^^^^^^^^^^^^^^^^
    )
    ^
  File "C:\Users\Hrana\OneDrive\MiaSoft\tourit\venv_yillow\Lib\site-packages\sqlalchemy\engine\base.py", line 2363, in _handle_dbapi_exception
    raise sqlalchemy_exception.with_traceback(exc_info[2]) from e
  File "C:\Users\Hrana\OneDrive\MiaSoft\tourit\venv_yillow\Lib\site-packages\sqlalchemy\engine\base.py", line 1967, in _exec_single_context
    self.dialect.do_execute(
    ~~~~~~~~~~~~~~~~~~~~~~~^
        cursor, str_statement, effective_parameters, context
        ^^^^^^^^^^^^^^^^^^^^^^^^^^^^^^^^^^^^^^^^^^^^^^^^^^^^
    )
    ^
  File "C:\Users\Hrana\OneDrive\MiaSoft\tourit\venv_yillow\Lib\site-packages\sqlalchemy\engine\default.py", line 952, in do_execute
    cursor.execute(statement, parameters)
    ~~~~~~~~~~~~~~^^^^^^^^^^^^^^^^^^^^^^^
sqlalchemy.exc.OperationalError: (sqlite3.OperationalError) no such column: users.google_id
[SQL: SELECT users.id AS users_id, users.username AS users_username, users.email AS users_email, users.hashed_password AS users_hashed_password, users.google_id AS users_google_id, users.phone AS users_phone, users.agent AS users_agent, users.license_num AS users_license_num, users.bio AS users_bio, users.photo AS users_photo, users.broker_license AS users_broker_license, users.office AS users_office 
FROM users 
WHERE users.id = ? AND users.agent = 1
 LIMIT ? OFFSET ?]
[parameters: (8, 1, 0)]
(Background on this error at: https://sqlalche.me/e/20/e3q8)
127.0.0.1 - - [21/May/2026 12:37:10] "GET /api/agents/8 HTTP/1.1" 500 -
127.0.0.1 - - [21/May/2026 12:37:17] "POST /api/listings?view=map HTTP/1.1" 200 -
127.0.0.1 - - [21/May/2026 12:37:19] "POST /api/listings?view=map HTTP/1.1" 200 -
127.0.0.1 - - [21/May/2026 12:37:22] "GET /api/listings/TO000140 HTTP/1.1" 404 -
127.0.0.1 - - [21/May/2026 12:37:22] "GET /api/live-tours?mls=TO000140 HTTP/1.1" 200 -
[2026-05-21 12:37:22,689] ERROR in app: Exception on /api/agents/8 [GET]
Traceback (most recent call last):
  File "C:\Users\Hrana\OneDrive\MiaSoft\tourit\venv_yillow\Lib\site-packages\sqlalchemy\engine\base.py", line 1967, in _exec_single_context
    self.dialect.do_execute(
    ~~~~~~~~~~~~~~~~~~~~~~~^
        cursor, str_statement, effective_parameters, context
        ^^^^^^^^^^^^^^^^^^^^^^^^^^^^^^^^^^^^^^^^^^^^^^^^^^^^
    )
    ^
  File "C:\Users\Hrana\OneDrive\MiaSoft\tourit\venv_yillow\Lib\site-packages\sqlalchemy\engine\default.py", line 952, in do_execute
    cursor.execute(statement, parameters)
    ~~~~~~~~~~~~~~^^^^^^^^^^^^^^^^^^^^^^^
sqlite3.OperationalError: no such column: users.google_id

The above exception was the direct cause of the following exception:

Traceback (most recent call last):
  File "C:\Users\Hrana\OneDrive\MiaSoft\tourit\venv_yillow\Lib\site-packages\flask\app.py", line 1511, in wsgi_app
    response = self.full_dispatch_request()
  File "C:\Users\Hrana\OneDrive\MiaSoft\tourit\venv_yillow\Lib\site-packages\flask\app.py", line 919, in full_dispatch_request
    rv = self.handle_user_exception(e)
  File "C:\Users\Hrana\OneDrive\MiaSoft\tourit\venv_yillow\Lib\site-packages\flask_cors\extension.py", line 176, in wrapped_function
    return cors_after_request(app.make_response(f(*args, **kwargs)))
                                                ~^^^^^^^^^^^^^^^^^
  File "C:\Users\Hrana\OneDrive\MiaSoft\tourit\venv_yillow\Lib\site-packages\flask\app.py", line 917, in full_dispatch_request
    rv = self.dispatch_request()
  File "C:\Users\Hrana\OneDrive\MiaSoft\tourit\venv_yillow\Lib\site-packages\flask\app.py", line 902, in dispatch_request
    return self.ensure_sync(self.view_functions[rule.endpoint])(**view_args)  # type: ignore[no-any-return]
           ~~~~~~~~~~~~~~~~~~~~~~~~~~~~~~~~~~~~~~~~~~~~~~~~~~~~^^^^^^^^^^^^^
  File "C:\Users\Hrana\OneDrive\MiaSoft\tourit\app\api\agent_routes.py", line 89, in get_agent
    .first()
     ~~~~~^^
  File "C:\Users\Hrana\OneDrive\MiaSoft\tourit\venv_yillow\Lib\site-packages\sqlalchemy\orm\query.py", line 2766, in first
    return self.limit(1)._iter().first()  # type: ignore
           ~~~~~~~~~~~~~~~~~~~^^
  File "C:\Users\Hrana\OneDrive\MiaSoft\tourit\venv_yillow\Lib\site-packages\sqlalchemy\orm\query.py", line 2864, in _iter
    result: Union[ScalarResult[_T], Result[_T]] = self.session.execute(
                                                  ~~~~~~~~~~~~~~~~~~~~^
        statement,
        ^^^^^^^^^^
        params,
        ^^^^^^^
        execution_options={"_sa_orm_load_options": self.load_options},
        ^^^^^^^^^^^^^^^^^^^^^^^^^^^^^^^^^^^^^^^^^^^^^^^^^^^^^^^^^^^^^^
    )
    ^
  File "C:\Users\Hrana\OneDrive\MiaSoft\tourit\venv_yillow\Lib\site-packages\sqlalchemy\orm\session.py", line 2351, in execute
    return self._execute_internal(
           ~~~~~~~~~~~~~~~~~~~~~~^
        statement,
        ^^^^^^^^^^
    ...<4 lines>...
        _add_event=_add_event,
        ^^^^^^^^^^^^^^^^^^^^^^
    )
    ^
  File "C:\Users\Hrana\OneDrive\MiaSoft\tourit\venv_yillow\Lib\site-packages\sqlalchemy\orm\session.py", line 2249, in _execute_internal
    result: Result[Any] = compile_state_cls.orm_execute_statement(
                          ~~~~~~~~~~~~~~~~~~~~~~~~~~~~~~~~~~~~~~~^
        self,
        ^^^^^
    ...<4 lines>...
        conn,
        ^^^^^
    )
    ^
  File "C:\Users\Hrana\OneDrive\MiaSoft\tourit\venv_yillow\Lib\site-packages\sqlalchemy\orm\context.py", line 306, in orm_execute_statement
    result = conn.execute(
        statement, params or {}, execution_options=execution_options
    )
  File "C:\Users\Hrana\OneDrive\MiaSoft\tourit\venv_yillow\Lib\site-packages\sqlalchemy\engine\base.py", line 1419, in execute
    return meth(
        self,
        distilled_parameters,
        execution_options or NO_OPTIONS,
    )
  File "C:\Users\Hrana\OneDrive\MiaSoft\tourit\venv_yillow\Lib\site-packages\sqlalchemy\sql\elements.py", line 527, in _execute_on_connection
    return connection._execute_clauseelement(
           ~~~~~~~~~~~~~~~~~~~~~~~~~~~~~~~~~^
        self, distilled_params, execution_options
        ^^^^^^^^^^^^^^^^^^^^^^^^^^^^^^^^^^^^^^^^^
    )
    ^
  File "C:\Users\Hrana\OneDrive\MiaSoft\tourit\venv_yillow\Lib\site-packages\sqlalchemy\engine\base.py", line 1641, in _execute_clauseelement
    ret = self._execute_context(
        dialect,
    ...<8 lines>...
        cache_hit=cache_hit,
    )
  File "C:\Users\Hrana\OneDrive\MiaSoft\tourit\venv_yillow\Lib\site-packages\sqlalchemy\engine\base.py", line 1846, in _execute_context
    return self._exec_single_context(
           ~~~~~~~~~~~~~~~~~~~~~~~~~^
        dialect, context, statement, parameters
        ^^^^^^^^^^^^^^^^^^^^^^^^^^^^^^^^^^^^^^^
    )
    ^
  File "C:\Users\Hrana\OneDrive\MiaSoft\tourit\venv_yillow\Lib\site-packages\sqlalchemy\engine\base.py", line 1986, in _exec_single_context
    self._handle_dbapi_exception(
    ~~~~~~~~~~~~~~~~~~~~~~~~~~~~^
        e, str_statement, effective_parameters, cursor, context
        ^^^^^^^^^^^^^^^^^^^^^^^^^^^^^^^^^^^^^^^^^^^^^^^^^^^^^^^
    )
    ^
  File "C:\Users\Hrana\OneDrive\MiaSoft\tourit\venv_yillow\Lib\site-packages\sqlalchemy\engine\base.py", line 2363, in _handle_dbapi_exception
    raise sqlalchemy_exception.with_traceback(exc_info[2]) from e
  File "C:\Users\Hrana\OneDrive\MiaSoft\tourit\venv_yillow\Lib\site-packages\sqlalchemy\engine\base.py", line 1967, in _exec_single_context
    self.dialect.do_execute(
    ~~~~~~~~~~~~~~~~~~~~~~~^
        cursor, str_statement, effective_parameters, context
        ^^^^^^^^^^^^^^^^^^^^^^^^^^^^^^^^^^^^^^^^^^^^^^^^^^^^
    )
    ^
  File "C:\Users\Hrana\OneDrive\MiaSoft\tourit\venv_yillow\Lib\site-packages\sqlalchemy\engine\default.py", line 952, in do_execute
    cursor.execute(statement, parameters)
    ~~~~~~~~~~~~~~^^^^^^^^^^^^^^^^^^^^^^^
sqlalchemy.exc.OperationalError: (sqlite3.OperationalError) no such column: users.google_id
[SQL: SELECT users.id AS users_id, users.username AS users_username, users.email AS users_email, users.hashed_password AS users_hashed_password, users.google_id AS users_google_id, users.phone AS users_phone, users.agent AS users_agent, users.license_num AS users_license_num, users.bio AS users_bio, users.photo AS users_photo, users.broker_license AS users_broker_license, users.office AS users_office 
FROM users 
WHERE users.id = ? AND users.agent = 1
 LIMIT ? OFFSET ?]
[parameters: (8, 1, 0)]
(Background on this error at: https://sqlalche.me/e/20/e3q8)
127.0.0.1 - - [21/May/2026 12:37:22] "GET /api/agents/8 HTTP/1.1" 500 -
127.0.0.1 - - [21/May/2026 12:40:05] "GET /api/listings/suggest?q=48%20e'l HTTP/1.1" 200 -
127.0.0.1 - - [21/May/2026 12:40:05] "GET /api/listings/suggest?q=48%20elm HTTP/1.1" 200 -
127.0.0.1 - - [21/May/2026 12:40:09] "GET /api/listings/suggest?q=48%20elm\u3001 HTTP/1.1" 200 -
127.0.0.1 - - [21/May/2026 12:40:09] "GET /api/listings/suggest?q=48%20elm HTTP/1.1" 200 -
127.0.0.1 - - [21/May/2026 12:40:12] "POST /api/listings?view=map HTTP/1.1" 200 -
127.0.0.1 - - [21/May/2026 12:40:18] "POST /api/listings?view=map HTTP/1.1" 200 -
127.0.0.1 - - [21/May/2026 12:40:19] "POST /api/listings?view=map HTTP/1.1" 200 -
127.0.0.1 - - [21/May/2026 12:40:21] "POST /api/listings?view=map HTTP/1.1" 200 -
127.0.0.1 - - [21/May/2026 12:40:24] "GET /api/listings/TO000140 HTTP/1.1" 404 -
127.0.0.1 - - [21/May/2026 12:40:24] "GET /api/live-tours?mls=TO000140 HTTP/1.1" 200 -
[2026-05-21 12:40:24,785] ERROR in app: Exception on /api/agents/8 [GET]
Traceback (most recent call last):
  File "C:\Users\Hrana\OneDrive\MiaSoft\tourit\venv_yillow\Lib\site-packages\sqlalchemy\engine\base.py", line 1967, in _exec_single_context
    self.dialect.do_execute(
    ~~~~~~~~~~~~~~~~~~~~~~~^
        cursor, str_statement, effective_parameters, context
        ^^^^^^^^^^^^^^^^^^^^^^^^^^^^^^^^^^^^^^^^^^^^^^^^^^^^
    )
    ^
  File "C:\Users\Hrana\OneDrive\MiaSoft\tourit\venv_yillow\Lib\site-packages\sqlalchemy\engine\default.py", line 952, in do_execute
    cursor.execute(statement, parameters)
    ~~~~~~~~~~~~~~^^^^^^^^^^^^^^^^^^^^^^^
sqlite3.OperationalError: no such column: users.google_id

The above exception was the direct cause of the following exception:

Traceback (most recent call last):
  File "C:\Users\Hrana\OneDrive\MiaSoft\tourit\venv_yillow\Lib\site-packages\flask\app.py", line 1511, in wsgi_app
    response = self.full_dispatch_request()
  File "C:\Users\Hrana\OneDrive\MiaSoft\tourit\venv_yillow\Lib\site-packages\flask\app.py", line 919, in full_dispatch_request
    rv = self.handle_user_exception(e)
  File "C:\Users\Hrana\OneDrive\MiaSoft\tourit\venv_yillow\Lib\site-packages\flask_cors\extension.py", line 176, in wrapped_function
    return cors_after_request(app.make_response(f(*args, **kwargs)))
                                                ~^^^^^^^^^^^^^^^^^
  File "C:\Users\Hrana\OneDrive\MiaSoft\tourit\venv_yillow\Lib\site-packages\flask\app.py", line 917, in full_dispatch_request
    rv = self.dispatch_request()
  File "C:\Users\Hrana\OneDrive\MiaSoft\tourit\venv_yillow\Lib\site-packages\flask\app.py", line 902, in dispatch_request
    return self.ensure_sync(self.view_functions[rule.endpoint])(**view_args)  # type: ignore[no-any-return]
           ~~~~~~~~~~~~~~~~~~~~~~~~~~~~~~~~~~~~~~~~~~~~~~~~~~~~^^^^^^^^^^^^^
  File "C:\Users\Hrana\OneDrive\MiaSoft\tourit\app\api\agent_routes.py", line 89, in get_agent
    .first()
     ~~~~~^^
  File "C:\Users\Hrana\OneDrive\MiaSoft\tourit\venv_yillow\Lib\site-packages\sqlalchemy\orm\query.py", line 2766, in first
    return self.limit(1)._iter().first()  # type: ignore
           ~~~~~~~~~~~~~~~~~~~^^
  File "C:\Users\Hrana\OneDrive\MiaSoft\tourit\venv_yillow\Lib\site-packages\sqlalchemy\orm\query.py", line 2864, in _iter
    result: Union[ScalarResult[_T], Result[_T]] = self.session.execute(
                                                  ~~~~~~~~~~~~~~~~~~~~^
        statement,
        ^^^^^^^^^^
        params,
        ^^^^^^^
        execution_options={"_sa_orm_load_options": self.load_options},
        ^^^^^^^^^^^^^^^^^^^^^^^^^^^^^^^^^^^^^^^^^^^^^^^^^^^^^^^^^^^^^^
    )
    ^
  File "C:\Users\Hrana\OneDrive\MiaSoft\tourit\venv_yillow\Lib\site-packages\sqlalchemy\orm\session.py", line 2351, in execute
    return self._execute_internal(
           ~~~~~~~~~~~~~~~~~~~~~~^
        statement,
        ^^^^^^^^^^
    ...<4 lines>...
        _add_event=_add_event,
        ^^^^^^^^^^^^^^^^^^^^^^
    )
    ^
  File "C:\Users\Hrana\OneDrive\MiaSoft\tourit\venv_yillow\Lib\site-packages\sqlalchemy\orm\session.py", line 2249, in _execute_internal
    result: Result[Any] = compile_state_cls.orm_execute_statement(
                          ~~~~~~~~~~~~~~~~~~~~~~~~~~~~~~~~~~~~~~~^
        self,
        ^^^^^
    ...<4 lines>...
        conn,
        ^^^^^
    )
    ^
  File "C:\Users\Hrana\OneDrive\MiaSoft\tourit\venv_yillow\Lib\site-packages\sqlalchemy\orm\context.py", line 306, in orm_execute_statement
    result = conn.execute(
        statement, params or {}, execution_options=execution_options
    )
  File "C:\Users\Hrana\OneDrive\MiaSoft\tourit\venv_yillow\Lib\site-packages\sqlalchemy\engine\base.py", line 1419, in execute
    return meth(
        self,
        distilled_parameters,
        execution_options or NO_OPTIONS,
    )
  File "C:\Users\Hrana\OneDrive\MiaSoft\tourit\venv_yillow\Lib\site-packages\sqlalchemy\sql\elements.py", line 527, in _execute_on_connection
    return connection._execute_clauseelement(
           ~~~~~~~~~~~~~~~~~~~~~~~~~~~~~~~~~^
        self, distilled_params, execution_options
        ^^^^^^^^^^^^^^^^^^^^^^^^^^^^^^^^^^^^^^^^^
    )
    ^
  File "C:\Users\Hrana\OneDrive\MiaSoft\tourit\venv_yillow\Lib\site-packages\sqlalchemy\engine\base.py", line 1641, in _execute_clauseelement
    ret = self._execute_context(
        dialect,
    ...<8 lines>...
        cache_hit=cache_hit,
    )
  File "C:\Users\Hrana\OneDrive\MiaSoft\tourit\venv_yillow\Lib\site-packages\sqlalchemy\engine\base.py", line 1846, in _execute_context
    return self._exec_single_context(
           ~~~~~~~~~~~~~~~~~~~~~~~~~^
        dialect, context, statement, parameters
        ^^^^^^^^^^^^^^^^^^^^^^^^^^^^^^^^^^^^^^^
    )
    ^
  File "C:\Users\Hrana\OneDrive\MiaSoft\tourit\venv_yillow\Lib\site-packages\sqlalchemy\engine\base.py", line 1986, in _exec_single_context
    self._handle_dbapi_exception(
    ~~~~~~~~~~~~~~~~~~~~~~~~~~~~^
        e, str_statement, effective_parameters, cursor, context
        ^^^^^^^^^^^^^^^^^^^^^^^^^^^^^^^^^^^^^^^^^^^^^^^^^^^^^^^
    )
    ^
  File "C:\Users\Hrana\OneDrive\MiaSoft\tourit\venv_yillow\Lib\site-packages\sqlalchemy\engine\base.py", line 2363, in _handle_dbapi_exception
    raise sqlalchemy_exception.with_traceback(exc_info[2]) from e
  File "C:\Users\Hrana\OneDrive\MiaSoft\tourit\venv_yillow\Lib\site-packages\sqlalchemy\engine\base.py", line 1967, in _exec_single_context
    self.dialect.do_execute(
    ~~~~~~~~~~~~~~~~~~~~~~~^
        cursor, str_statement, effective_parameters, context
        ^^^^^^^^^^^^^^^^^^^^^^^^^^^^^^^^^^^^^^^^^^^^^^^^^^^^
    )
    ^
  File "C:\Users\Hrana\OneDrive\MiaSoft\tourit\venv_yillow\Lib\site-packages\sqlalchemy\engine\default.py", line 952, in do_execute
    cursor.execute(statement, parameters)
    ~~~~~~~~~~~~~~^^^^^^^^^^^^^^^^^^^^^^^
sqlalchemy.exc.OperationalError: (sqlite3.OperationalError) no such column: users.google_id
[SQL: SELECT users.id AS users_id, users.username AS users_username, users.email AS users_email, users.hashed_password AS users_hashed_password, users.google_id AS users_google_id, users.phone AS users_phone, users.agent AS users_agent, users.license_num AS users_license_num, users.bio AS users_bio, users.photo AS users_photo, users.broker_license AS users_broker_license, users.office AS users_office 
FROM users 
WHERE users.id = ? AND users.agent = 1
 LIMIT ? OFFSET ?]
[parameters: (8, 1, 0)]
(Background on this error at: https://sqlalche.me/e/20/e3q8)
127.0.0.1 - - [21/May/2026 12:40:24] "GET /api/agents/8 HTTP/1.1" 500 -
127.0.0.1 - - [21/May/2026 12:41:05] "GET /api/listings/TO000152 HTTP/1.1" 404 -
127.0.0.1 - - [21/May/2026 12:41:06] "GET /api/live-tours?mls=TO000152 HTTP/1.1" 200 -
[2026-05-21 12:41:06,107] ERROR in app: Exception on /api/agents/5 [GET]
Traceback (most recent call last):
  File "C:\Users\Hrana\OneDrive\MiaSoft\tourit\venv_yillow\Lib\site-packages\sqlalchemy\engine\base.py", line 1967, in _exec_single_context
    self.dialect.do_execute(
    ~~~~~~~~~~~~~~~~~~~~~~~^
        cursor, str_statement, effective_parameters, context
        ^^^^^^^^^^^^^^^^^^^^^^^^^^^^^^^^^^^^^^^^^^^^^^^^^^^^
    )
    ^
  File "C:\Users\Hrana\OneDrive\MiaSoft\tourit\venv_yillow\Lib\site-packages\sqlalchemy\engine\default.py", line 952, in do_execute
    cursor.execute(statement, parameters)
    ~~~~~~~~~~~~~~^^^^^^^^^^^^^^^^^^^^^^^
sqlite3.OperationalError: no such column: users.google_id

The above exception was the direct cause of the following exception:

Traceback (most recent call last):
  File "C:\Users\Hrana\OneDrive\MiaSoft\tourit\venv_yillow\Lib\site-packages\flask\app.py", line 1511, in wsgi_app
    response = self.full_dispatch_request()
  File "C:\Users\Hrana\OneDrive\MiaSoft\tourit\venv_yillow\Lib\site-packages\flask\app.py", line 919, in full_dispatch_request
    rv = self.handle_user_exception(e)
  File "C:\Users\Hrana\OneDrive\MiaSoft\tourit\venv_yillow\Lib\site-packages\flask_cors\extension.py", line 176, in wrapped_function
    return cors_after_request(app.make_response(f(*args, **kwargs)))
                                                ~^^^^^^^^^^^^^^^^^
  File "C:\Users\Hrana\OneDrive\MiaSoft\tourit\venv_yillow\Lib\site-packages\flask\app.py", line 917, in full_dispatch_request
    rv = self.dispatch_request()
  File "C:\Users\Hrana\OneDrive\MiaSoft\tourit\venv_yillow\Lib\site-packages\flask\app.py", line 902, in dispatch_request
    return self.ensure_sync(self.view_functions[rule.endpoint])(**view_args)  # type: ignore[no-any-return]
           ~~~~~~~~~~~~~~~~~~~~~~~~~~~~~~~~~~~~~~~~~~~~~~~~~~~~^^^^^^^^^^^^^
  File "C:\Users\Hrana\OneDrive\MiaSoft\tourit\app\api\agent_routes.py", line 89, in get_agent
    .first()
     ~~~~~^^
  File "C:\Users\Hrana\OneDrive\MiaSoft\tourit\venv_yillow\Lib\site-packages\sqlalchemy\orm\query.py", line 2766, in first
    return self.limit(1)._iter().first()  # type: ignore
           ~~~~~~~~~~~~~~~~~~~^^
  File "C:\Users\Hrana\OneDrive\MiaSoft\tourit\venv_yillow\Lib\site-packages\sqlalchemy\orm\query.py", line 2864, in _iter
    result: Union[ScalarResult[_T], Result[_T]] = self.session.execute(
                                                  ~~~~~~~~~~~~~~~~~~~~^
        statement,
        ^^^^^^^^^^
        params,
        ^^^^^^^
        execution_options={"_sa_orm_load_options": self.load_options},
        ^^^^^^^^^^^^^^^^^^^^^^^^^^^^^^^^^^^^^^^^^^^^^^^^^^^^^^^^^^^^^^
    )
    ^
  File "C:\Users\Hrana\OneDrive\MiaSoft\tourit\venv_yillow\Lib\site-packages\sqlalchemy\orm\session.py", line 2351, in execute
    return self._execute_internal(
           ~~~~~~~~~~~~~~~~~~~~~~^
        statement,
        ^^^^^^^^^^
    ...<4 lines>...
        _add_event=_add_event,
        ^^^^^^^^^^^^^^^^^^^^^^
    )
    ^
  File "C:\Users\Hrana\OneDrive\MiaSoft\tourit\venv_yillow\Lib\site-packages\sqlalchemy\orm\session.py", line 2249, in _execute_internal
    result: Result[Any] = compile_state_cls.orm_execute_statement(
                          ~~~~~~~~~~~~~~~~~~~~~~~~~~~~~~~~~~~~~~~^
        self,
        ^^^^^
    ...<4 lines>...
        conn,
        ^^^^^
    )
    ^
  File "C:\Users\Hrana\OneDrive\MiaSoft\tourit\venv_yillow\Lib\site-packages\sqlalchemy\orm\context.py", line 306, in orm_execute_statement
    result = conn.execute(
        statement, params or {}, execution_options=execution_options
    )
  File "C:\Users\Hrana\OneDrive\MiaSoft\tourit\venv_yillow\Lib\site-packages\sqlalchemy\engine\base.py", line 1419, in execute
    return meth(
        self,
        distilled_parameters,
        execution_options or NO_OPTIONS,
    )
  File "C:\Users\Hrana\OneDrive\MiaSoft\tourit\venv_yillow\Lib\site-packages\sqlalchemy\sql\elements.py", line 527, in _execute_on_connection
    return connection._execute_clauseelement(
           ~~~~~~~~~~~~~~~~~~~~~~~~~~~~~~~~~^
        self, distilled_params, execution_options
        ^^^^^^^^^^^^^^^^^^^^^^^^^^^^^^^^^^^^^^^^^
    )
    ^
  File "C:\Users\Hrana\OneDrive\MiaSoft\tourit\venv_yillow\Lib\site-packages\sqlalchemy\engine\base.py", line 1641, in _execute_clauseelement
    ret = self._execute_context(
        dialect,
    ...<8 lines>...
        cache_hit=cache_hit,
    )
  File "C:\Users\Hrana\OneDrive\MiaSoft\tourit\venv_yillow\Lib\site-packages\sqlalchemy\engine\base.py", line 1846, in _execute_context
    return self._exec_single_context(
           ~~~~~~~~~~~~~~~~~~~~~~~~~^
        dialect, context, statement, parameters
        ^^^^^^^^^^^^^^^^^^^^^^^^^^^^^^^^^^^^^^^
    )
    ^
  File "C:\Users\Hrana\OneDrive\MiaSoft\tourit\venv_yillow\Lib\site-packages\sqlalchemy\engine\base.py", line 1986, in _exec_single_context
    self._handle_dbapi_exception(
    ~~~~~~~~~~~~~~~~~~~~~~~~~~~~^
        e, str_statement, effective_parameters, cursor, context
        ^^^^^^^^^^^^^^^^^^^^^^^^^^^^^^^^^^^^^^^^^^^^^^^^^^^^^^^
    )
    ^
  File "C:\Users\Hrana\OneDrive\MiaSoft\tourit\venv_yillow\Lib\site-packages\sqlalchemy\engine\base.py", line 2363, in _handle_dbapi_exception
    raise sqlalchemy_exception.with_traceback(exc_info[2]) from e
  File "C:\Users\Hrana\OneDrive\MiaSoft\tourit\venv_yillow\Lib\site-packages\sqlalchemy\engine\base.py", line 1967, in _exec_single_context
    self.dialect.do_execute(
    ~~~~~~~~~~~~~~~~~~~~~~~^
        cursor, str_statement, effective_parameters, context
        ^^^^^^^^^^^^^^^^^^^^^^^^^^^^^^^^^^^^^^^^^^^^^^^^^^^^
    )
    ^
  File "C:\Users\Hrana\OneDrive\MiaSoft\tourit\venv_yillow\Lib\site-packages\sqlalchemy\engine\default.py", line 952, in do_execute
    cursor.execute(statement, parameters)
    ~~~~~~~~~~~~~~^^^^^^^^^^^^^^^^^^^^^^^
sqlalchemy.exc.OperationalError: (sqlite3.OperationalError) no such column: users.google_id
[SQL: SELECT users.id AS users_id, users.username AS users_username, users.email AS users_email, users.hashed_password AS users_hashed_password, users.google_id AS users_google_id, users.phone AS users_phone, users.agent AS users_agent, users.license_num AS users_license_num, users.bio AS users_bio, users.photo AS users_photo, users.broker_license AS users_broker_license, users.office AS users_office 
FROM users 
WHERE users.id = ? AND users.agent = 1
 LIMIT ? OFFSET ?]
[parameters: (5, 1, 0)]
(Background on this error at: https://sqlalche.me/e/20/e3q8)
127.0.0.1 - - [21/May/2026 12:41:06] "GET /api/agents/5 HTTP/1.1" 500 -
127.0.0.1 - - [21/May/2026 12:41:14] "GET /api/listings/TO000143 HTTP/1.1" 404 -
127.0.0.1 - - [21/May/2026 12:41:14] "GET /api/live-tours?mls=TO000143 HTTP/1.1" 200 -
[2026-05-21 12:41:14,682] ERROR in app: Exception on /api/agents/11 [GET]
Traceback (most recent call last):
  File "C:\Users\Hrana\OneDrive\MiaSoft\tourit\venv_yillow\Lib\site-packages\sqlalchemy\engine\base.py", line 1967, in _exec_single_context
    self.dialect.do_execute(
    ~~~~~~~~~~~~~~~~~~~~~~~^
        cursor, str_statement, effective_parameters, context
        ^^^^^^^^^^^^^^^^^^^^^^^^^^^^^^^^^^^^^^^^^^^^^^^^^^^^
    )
    ^
  File "C:\Users\Hrana\OneDrive\MiaSoft\tourit\venv_yillow\Lib\site-packages\sqlalchemy\engine\default.py", line 952, in do_execute
    cursor.execute(statement, parameters)
    ~~~~~~~~~~~~~~^^^^^^^^^^^^^^^^^^^^^^^
sqlite3.OperationalError: no such column: users.google_id

The above exception was the direct cause of the following exception:

Traceback (most recent call last):
  File "C:\Users\Hrana\OneDrive\MiaSoft\tourit\venv_yillow\Lib\site-packages\flask\app.py", line 1511, in wsgi_app
    response = self.full_dispatch_request()
  File "C:\Users\Hrana\OneDrive\MiaSoft\tourit\venv_yillow\Lib\site-packages\flask\app.py", line 919, in full_dispatch_request
    rv = self.handle_user_exception(e)
  File "C:\Users\Hrana\OneDrive\MiaSoft\tourit\venv_yillow\Lib\site-packages\flask_cors\extension.py", line 176, in wrapped_function
    return cors_after_request(app.make_response(f(*args, **kwargs)))
                                                ~^^^^^^^^^^^^^^^^^
  File "C:\Users\Hrana\OneDrive\MiaSoft\tourit\venv_yillow\Lib\site-packages\flask\app.py", line 917, in full_dispatch_request
    rv = self.dispatch_request()
  File "C:\Users\Hrana\OneDrive\MiaSoft\tourit\venv_yillow\Lib\site-packages\flask\app.py", line 902, in dispatch_request
    return self.ensure_sync(self.view_functions[rule.endpoint])(**view_args)  # type: ignore[no-any-return]
           ~~~~~~~~~~~~~~~~~~~~~~~~~~~~~~~~~~~~~~~~~~~~~~~~~~~~^^^^^^^^^^^^^
  File "C:\Users\Hrana\OneDrive\MiaSoft\tourit\app\api\agent_routes.py", line 89, in get_agent
    .first()
     ~~~~~^^
  File "C:\Users\Hrana\OneDrive\MiaSoft\tourit\venv_yillow\Lib\site-packages\sqlalchemy\orm\query.py", line 2766, in first
    return self.limit(1)._iter().first()  # type: ignore
           ~~~~~~~~~~~~~~~~~~~^^
  File "C:\Users\Hrana\OneDrive\MiaSoft\tourit\venv_yillow\Lib\site-packages\sqlalchemy\orm\query.py", line 2864, in _iter
    result: Union[ScalarResult[_T], Result[_T]] = self.session.execute(
                                                  ~~~~~~~~~~~~~~~~~~~~^
        statement,
        ^^^^^^^^^^
        params,
        ^^^^^^^
        execution_options={"_sa_orm_load_options": self.load_options},
        ^^^^^^^^^^^^^^^^^^^^^^^^^^^^^^^^^^^^^^^^^^^^^^^^^^^^^^^^^^^^^^
    )
    ^
  File "C:\Users\Hrana\OneDrive\MiaSoft\tourit\venv_yillow\Lib\site-packages\sqlalchemy\orm\session.py", line 2351, in execute
    return self._execute_internal(
           ~~~~~~~~~~~~~~~~~~~~~~^
        statement,
        ^^^^^^^^^^
    ...<4 lines>...
        _add_event=_add_event,
        ^^^^^^^^^^^^^^^^^^^^^^
    )
    ^
  File "C:\Users\Hrana\OneDrive\MiaSoft\tourit\venv_yillow\Lib\site-packages\sqlalchemy\orm\session.py", line 2249, in _execute_internal
    result: Result[Any] = compile_state_cls.orm_execute_statement(
                          ~~~~~~~~~~~~~~~~~~~~~~~~~~~~~~~~~~~~~~~^
        self,
        ^^^^^
    ...<4 lines>...
        conn,
        ^^^^^
    )
    ^
  File "C:\Users\Hrana\OneDrive\MiaSoft\tourit\venv_yillow\Lib\site-packages\sqlalchemy\orm\context.py", line 306, in orm_execute_statement
    result = conn.execute(
        statement, params or {}, execution_options=execution_options
    )
  File "C:\Users\Hrana\OneDrive\MiaSoft\tourit\venv_yillow\Lib\site-packages\sqlalchemy\engine\base.py", line 1419, in execute
    return meth(
        self,
        distilled_parameters,
        execution_options or NO_OPTIONS,
    )
  File "C:\Users\Hrana\OneDrive\MiaSoft\tourit\venv_yillow\Lib\site-packages\sqlalchemy\sql\elements.py", line 527, in _execute_on_connection
    return connection._execute_clauseelement(
           ~~~~~~~~~~~~~~~~~~~~~~~~~~~~~~~~~^
        self, distilled_params, execution_options
        ^^^^^^^^^^^^^^^^^^^^^^^^^^^^^^^^^^^^^^^^^
    )
    ^
  File "C:\Users\Hrana\OneDrive\MiaSoft\tourit\venv_yillow\Lib\site-packages\sqlalchemy\engine\base.py", line 1641, in _execute_clauseelement
    ret = self._execute_context(
        dialect,
    ...<8 lines>...
        cache_hit=cache_hit,
    )
  File "C:\Users\Hrana\OneDrive\MiaSoft\tourit\venv_yillow\Lib\site-packages\sqlalchemy\engine\base.py", line 1846, in _execute_context
    return self._exec_single_context(
           ~~~~~~~~~~~~~~~~~~~~~~~~~^
        dialect, context, statement, parameters
        ^^^^^^^^^^^^^^^^^^^^^^^^^^^^^^^^^^^^^^^
    )
    ^
  File "C:\Users\Hrana\OneDrive\MiaSoft\tourit\venv_yillow\Lib\site-packages\sqlalchemy\engine\base.py", line 1986, in _exec_single_context
    self._handle_dbapi_exception(
    ~~~~~~~~~~~~~~~~~~~~~~~~~~~~^
        e, str_statement, effective_parameters, cursor, context
        ^^^^^^^^^^^^^^^^^^^^^^^^^^^^^^^^^^^^^^^^^^^^^^^^^^^^^^^
    )
    ^
  File "C:\Users\Hrana\OneDrive\MiaSoft\tourit\venv_yillow\Lib\site-packages\sqlalchemy\engine\base.py", line 2363, in _handle_dbapi_exception
    raise sqlalchemy_exception.with_traceback(exc_info[2]) from e
  File "C:\Users\Hrana\OneDrive\MiaSoft\tourit\venv_yillow\Lib\site-packages\sqlalchemy\engine\base.py", line 1967, in _exec_single_context
    self.dialect.do_execute(
    ~~~~~~~~~~~~~~~~~~~~~~~^
        cursor, str_statement, effective_parameters, context
        ^^^^^^^^^^^^^^^^^^^^^^^^^^^^^^^^^^^^^^^^^^^^^^^^^^^^
    )
    ^
  File "C:\Users\Hrana\OneDrive\MiaSoft\tourit\venv_yillow\Lib\site-packages\sqlalchemy\engine\default.py", line 952, in do_execute
    cursor.execute(statement, parameters)
    ~~~~~~~~~~~~~~^^^^^^^^^^^^^^^^^^^^^^^
sqlalchemy.exc.OperationalError: (sqlite3.OperationalError) no such column: users.google_id
[SQL: SELECT users.id AS users_id, users.username AS users_username, users.email AS users_email, users.hashed_password AS users_hashed_password, users.google_id AS users_google_id, users.phone AS users_phone, users.agent AS users_agent, users.license_num AS users_license_num, users.bio AS users_bio, users.photo AS users_photo, users.broker_license AS users_broker_license, users.office AS users_office 
FROM users 
WHERE users.id = ? AND users.agent = 1
 LIMIT ? OFFSET ?]
[parameters: (11, 1, 0)]
(Background on this error at: https://sqlalche.me/e/20/e3q8)
127.0.0.1 - - [21/May/2026 12:41:14] "GET /api/agents/11 HTTP/1.1" 500 -
127.0.0.1 - - [21/May/2026 13:06:21] "GET /api/auth/ HTTP/1.1" 200 -
127.0.0.1 - - [21/May/2026 13:06:21] "GET /api/listings/address-index HTTP/1.1" 200 -
[2026-05-21 13:06:22,052] ERROR in app: Exception on /api/search/terms [GET]
Traceback (most recent call last):
  File "C:\Users\Hrana\OneDrive\MiaSoft\tourit\venv_yillow\Lib\site-packages\sqlalchemy\engine\base.py", line 1967, in _exec_single_context
    self.dialect.do_execute(
    ~~~~~~~~~~~~~~~~~~~~~~~^
        cursor, str_statement, effective_parameters, context
        ^^^^^^^^^^^^^^^^^^^^^^^^^^^^^^^^^^^^^^^^^^^^^^^^^^^^
    )
    ^
  File "C:\Users\Hrana\OneDrive\MiaSoft\tourit\venv_yillow\Lib\site-packages\sqlalchemy\engine\default.py", line 952, in do_execute
    cursor.execute(statement, parameters)
    ~~~~~~~~~~~~~~^^^^^^^^^^^^^^^^^^^^^^^
sqlite3.OperationalError: no such table: mls_listings

The above exception was the direct cause of the following exception:

Traceback (most recent call last):
  File "C:\Users\Hrana\OneDrive\MiaSoft\tourit\venv_yillow\Lib\site-packages\flask\app.py", line 1511, in wsgi_app
    response = self.full_dispatch_request()
  File "C:\Users\Hrana\OneDrive\MiaSoft\tourit\venv_yillow\Lib\site-packages\flask\app.py", line 919, in full_dispatch_request
    rv = self.handle_user_exception(e)
  File "C:\Users\Hrana\OneDrive\MiaSoft\tourit\venv_yillow\Lib\site-packages\flask_cors\extension.py", line 176, in wrapped_function
    return cors_after_request(app.make_response(f(*args, **kwargs)))
                                                ~^^^^^^^^^^^^^^^^^
  File "C:\Users\Hrana\OneDrive\MiaSoft\tourit\venv_yillow\Lib\site-packages\flask\app.py", line 917, in full_dispatch_request
    rv = self.dispatch_request()
  File "C:\Users\Hrana\OneDrive\MiaSoft\tourit\venv_yillow\Lib\site-packages\flask\app.py", line 902, in dispatch_request
    return self.ensure_sync(self.view_functions[rule.endpoint])(**view_args)  # type: ignore[no-any-return]
           ~~~~~~~~~~~~~~~~~~~~~~~~~~~~~~~~~~~~~~~~~~~~~~~~~~~~^^^^^^^^^^^^^
  File "C:\Users\Hrana\OneDrive\MiaSoft\tourit\app\api\search_routes.py", line 124, in search_terms
    .all()
     ~~~^^
  File "C:\Users\Hrana\OneDrive\MiaSoft\tourit\venv_yillow\Lib\site-packages\sqlalchemy\orm\query.py", line 2711, in all
    return self._iter().all()  # type: ignore
           ~~~~~~~~~~^^
  File "C:\Users\Hrana\OneDrive\MiaSoft\tourit\venv_yillow\Lib\site-packages\sqlalchemy\orm\query.py", line 2864, in _iter
    result: Union[ScalarResult[_T], Result[_T]] = self.session.execute(
                                                  ~~~~~~~~~~~~~~~~~~~~^
        statement,
        ^^^^^^^^^^
        params,
        ^^^^^^^
        execution_options={"_sa_orm_load_options": self.load_options},
        ^^^^^^^^^^^^^^^^^^^^^^^^^^^^^^^^^^^^^^^^^^^^^^^^^^^^^^^^^^^^^^
    )
    ^
  File "C:\Users\Hrana\OneDrive\MiaSoft\tourit\venv_yillow\Lib\site-packages\sqlalchemy\orm\session.py", line 2351, in execute
    return self._execute_internal(
           ~~~~~~~~~~~~~~~~~~~~~~^
        statement,
        ^^^^^^^^^^
    ...<4 lines>...
        _add_event=_add_event,
        ^^^^^^^^^^^^^^^^^^^^^^
    )
    ^
  File "C:\Users\Hrana\OneDrive\MiaSoft\tourit\venv_yillow\Lib\site-packages\sqlalchemy\orm\session.py", line 2249, in _execute_internal
    result: Result[Any] = compile_state_cls.orm_execute_statement(
                          ~~~~~~~~~~~~~~~~~~~~~~~~~~~~~~~~~~~~~~~^
        self,
        ^^^^^
    ...<4 lines>...
        conn,
        ^^^^^
    )
    ^
  File "C:\Users\Hrana\OneDrive\MiaSoft\tourit\venv_yillow\Lib\site-packages\sqlalchemy\orm\context.py", line 306, in orm_execute_statement
    result = conn.execute(
        statement, params or {}, execution_options=execution_options
    )
  File "C:\Users\Hrana\OneDrive\MiaSoft\tourit\venv_yillow\Lib\site-packages\sqlalchemy\engine\base.py", line 1419, in execute
    return meth(
        self,
        distilled_parameters,
        execution_options or NO_OPTIONS,
    )
  File "C:\Users\Hrana\OneDrive\MiaSoft\tourit\venv_yillow\Lib\site-packages\sqlalchemy\sql\elements.py", line 527, in _execute_on_connection
    return connection._execute_clauseelement(
           ~~~~~~~~~~~~~~~~~~~~~~~~~~~~~~~~~^
        self, distilled_params, execution_options
        ^^^^^^^^^^^^^^^^^^^^^^^^^^^^^^^^^^^^^^^^^
    )
    ^
  File "C:\Users\Hrana\OneDrive\MiaSoft\tourit\venv_yillow\Lib\site-packages\sqlalchemy\engine\base.py", line 1641, in _execute_clauseelement
    ret = self._execute_context(
        dialect,
    ...<8 lines>...
        cache_hit=cache_hit,
    )
  File "C:\Users\Hrana\OneDrive\MiaSoft\tourit\venv_yillow\Lib\site-packages\sqlalchemy\engine\base.py", line 1846, in _execute_context
    return self._exec_single_context(
           ~~~~~~~~~~~~~~~~~~~~~~~~~^
        dialect, context, statement, parameters
        ^^^^^^^^^^^^^^^^^^^^^^^^^^^^^^^^^^^^^^^
    )
    ^
  File "C:\Users\Hrana\OneDrive\MiaSoft\tourit\venv_yillow\Lib\site-packages\sqlalchemy\engine\base.py", line 1986, in _exec_single_context
    self._handle_dbapi_exception(
    ~~~~~~~~~~~~~~~~~~~~~~~~~~~~^
        e, str_statement, effective_parameters, cursor, context
        ^^^^^^^^^^^^^^^^^^^^^^^^^^^^^^^^^^^^^^^^^^^^^^^^^^^^^^^
    )
    ^
  File "C:\Users\Hrana\OneDrive\MiaSoft\tourit\venv_yillow\Lib\site-packages\sqlalchemy\engine\base.py", line 2363, in _handle_dbapi_exception
    raise sqlalchemy_exception.with_traceback(exc_info[2]) from e
  File "C:\Users\Hrana\OneDrive\MiaSoft\tourit\venv_yillow\Lib\site-packages\sqlalchemy\engine\base.py", line 1967, in _exec_single_context
    self.dialect.do_execute(
    ~~~~~~~~~~~~~~~~~~~~~~~^
        cursor, str_statement, effective_parameters, context
        ^^^^^^^^^^^^^^^^^^^^^^^^^^^^^^^^^^^^^^^^^^^^^^^^^^^^
    )
    ^
  File "C:\Users\Hrana\OneDrive\MiaSoft\tourit\venv_yillow\Lib\site-packages\sqlalchemy\engine\default.py", line 952, in do_execute
    cursor.execute(statement, parameters)
    ~~~~~~~~~~~~~~^^^^^^^^^^^^^^^^^^^^^^^
sqlalchemy.exc.OperationalError: (sqlite3.OperationalError) no such table: mls_listings
[SQL: SELECT DISTINCT mls_listings.city AS mls_listings_city 
FROM mls_listings 
WHERE mls_listings.city IS NOT NULL AND mls_listings.city != ?
 LIMIT ? OFFSET ?]
[parameters: ('', 300, 0)]
(Background on this error at: https://sqlalche.me/e/20/e3q8)
127.0.0.1 - - [21/May/2026 13:06:22] "GET /api/search/terms HTTP/1.1" 500 -
127.0.0.1 - - [21/May/2026 13:06:22] "POST /api/listings?view=map HTTP/1.1" 200 -
127.0.0.1 - - [21/May/2026 13:06:23] "POST /api/listings?view=map HTTP/1.1" 200 -
127.0.0.1 - - [21/May/2026 14:16:33] "GET /api/auth/ HTTP/1.1" 200 -
127.0.0.1 - - [21/May/2026 14:16:33] "GET /api/listings/address-index HTTP/1.1" 200 -
[2026-05-21 14:16:33,649] ERROR in app: Exception on /api/search/terms [GET]
Traceback (most recent call last):
  File "C:\Users\Hrana\OneDrive\MiaSoft\tourit\venv_yillow\Lib\site-packages\sqlalchemy\engine\base.py", line 1967, in _exec_single_context
    self.dialect.do_execute(
    ~~~~~~~~~~~~~~~~~~~~~~~^
        cursor, str_statement, effective_parameters, context
        ^^^^^^^^^^^^^^^^^^^^^^^^^^^^^^^^^^^^^^^^^^^^^^^^^^^^
    )
    ^
  File "C:\Users\Hrana\OneDrive\MiaSoft\tourit\venv_yillow\Lib\site-packages\sqlalchemy\engine\default.py", line 952, in do_execute
    cursor.execute(statement, parameters)
    ~~~~~~~~~~~~~~^^^^^^^^^^^^^^^^^^^^^^^
sqlite3.OperationalError: no such table: mls_listings

The above exception was the direct cause of the following exception:

Traceback (most recent call last):
  File "C:\Users\Hrana\OneDrive\MiaSoft\tourit\venv_yillow\Lib\site-packages\flask\app.py", line 1511, in wsgi_app
    response = self.full_dispatch_request()
  File "C:\Users\Hrana\OneDrive\MiaSoft\tourit\venv_yillow\Lib\site-packages\flask\app.py", line 919, in full_dispatch_request
    rv = self.handle_user_exception(e)
  File "C:\Users\Hrana\OneDrive\MiaSoft\tourit\venv_yillow\Lib\site-packages\flask_cors\extension.py", line 176, in wrapped_function
    return cors_after_request(app.make_response(f(*args, **kwargs)))
                                                ~^^^^^^^^^^^^^^^^^
  File "C:\Users\Hrana\OneDrive\MiaSoft\tourit\venv_yillow\Lib\site-packages\flask\app.py", line 917, in full_dispatch_request
    rv = self.dispatch_request()
  File "C:\Users\Hrana\OneDrive\MiaSoft\tourit\venv_yillow\Lib\site-packages\flask\app.py", line 902, in dispatch_request
    return self.ensure_sync(self.view_functions[rule.endpoint])(**view_args)  # type: ignore[no-any-return]
           ~~~~~~~~~~~~~~~~~~~~~~~~~~~~~~~~~~~~~~~~~~~~~~~~~~~~^^^^^^^^^^^^^
  File "C:\Users\Hrana\OneDrive\MiaSoft\tourit\app\api\search_routes.py", line 124, in search_terms
    .all()
     ~~~^^
  File "C:\Users\Hrana\OneDrive\MiaSoft\tourit\venv_yillow\Lib\site-packages\sqlalchemy\orm\query.py", line 2711, in all
    return self._iter().all()  # type: ignore
           ~~~~~~~~~~^^
  File "C:\Users\Hrana\OneDrive\MiaSoft\tourit\venv_yillow\Lib\site-packages\sqlalchemy\orm\query.py", line 2864, in _iter
    result: Union[ScalarResult[_T], Result[_T]] = self.session.execute(
                                                  ~~~~~~~~~~~~~~~~~~~~^
        statement,
        ^^^^^^^^^^
        params,
        ^^^^^^^
        execution_options={"_sa_orm_load_options": self.load_options},
        ^^^^^^^^^^^^^^^^^^^^^^^^^^^^^^^^^^^^^^^^^^^^^^^^^^^^^^^^^^^^^^
    )
    ^
  File "C:\Users\Hrana\OneDrive\MiaSoft\tourit\venv_yillow\Lib\site-packages\sqlalchemy\orm\session.py", line 2351, in execute
    return self._execute_internal(
           ~~~~~~~~~~~~~~~~~~~~~~^
        statement,
        ^^^^^^^^^^
    ...<4 lines>...
        _add_event=_add_event,
        ^^^^^^^^^^^^^^^^^^^^^^
    )
    ^
  File "C:\Users\Hrana\OneDrive\MiaSoft\tourit\venv_yillow\Lib\site-packages\sqlalchemy\orm\session.py", line 2249, in _execute_internal
    result: Result[Any] = compile_state_cls.orm_execute_statement(
                          ~~~~~~~~~~~~~~~~~~~~~~~~~~~~~~~~~~~~~~~^
        self,
        ^^^^^
    ...<4 lines>...
        conn,
        ^^^^^
    )
    ^
  File "C:\Users\Hrana\OneDrive\MiaSoft\tourit\venv_yillow\Lib\site-packages\sqlalchemy\orm\context.py", line 306, in orm_execute_statement
    result = conn.execute(
        statement, params or {}, execution_options=execution_options
    )
  File "C:\Users\Hrana\OneDrive\MiaSoft\tourit\venv_yillow\Lib\site-packages\sqlalchemy\engine\base.py", line 1419, in execute
    return meth(
        self,
        distilled_parameters,
        execution_options or NO_OPTIONS,
    )
  File "C:\Users\Hrana\OneDrive\MiaSoft\tourit\venv_yillow\Lib\site-packages\sqlalchemy\sql\elements.py", line 527, in _execute_on_connection
    return connection._execute_clauseelement(
           ~~~~~~~~~~~~~~~~~~~~~~~~~~~~~~~~~^
        self, distilled_params, execution_options
        ^^^^^^^^^^^^^^^^^^^^^^^^^^^^^^^^^^^^^^^^^
    )
    ^
  File "C:\Users\Hrana\OneDrive\MiaSoft\tourit\venv_yillow\Lib\site-packages\sqlalchemy\engine\base.py", line 1641, in _execute_clauseelement
    ret = self._execute_context(
        dialect,
    ...<8 lines>...
        cache_hit=cache_hit,
    )
  File "C:\Users\Hrana\OneDrive\MiaSoft\tourit\venv_yillow\Lib\site-packages\sqlalchemy\engine\base.py", line 1846, in _execute_context
    return self._exec_single_context(
           ~~~~~~~~~~~~~~~~~~~~~~~~~^
        dialect, context, statement, parameters
        ^^^^^^^^^^^^^^^^^^^^^^^^^^^^^^^^^^^^^^^
    )
    ^
  File "C:\Users\Hrana\OneDrive\MiaSoft\tourit\venv_yillow\Lib\site-packages\sqlalchemy\engine\base.py", line 1986, in _exec_single_context
    self._handle_dbapi_exception(
    ~~~~~~~~~~~~~~~~~~~~~~~~~~~~^
        e, str_statement, effective_parameters, cursor, context
        ^^^^^^^^^^^^^^^^^^^^^^^^^^^^^^^^^^^^^^^^^^^^^^^^^^^^^^^
    )
    ^
  File "C:\Users\Hrana\OneDrive\MiaSoft\tourit\venv_yillow\Lib\site-packages\sqlalchemy\engine\base.py", line 2363, in _handle_dbapi_exception
    raise sqlalchemy_exception.with_traceback(exc_info[2]) from e
  File "C:\Users\Hrana\OneDrive\MiaSoft\tourit\venv_yillow\Lib\site-packages\sqlalchemy\engine\base.py", line 1967, in _exec_single_context
    self.dialect.do_execute(
    ~~~~~~~~~~~~~~~~~~~~~~~^
        cursor, str_statement, effective_parameters, context
        ^^^^^^^^^^^^^^^^^^^^^^^^^^^^^^^^^^^^^^^^^^^^^^^^^^^^
    )
    ^
  File "C:\Users\Hrana\OneDrive\MiaSoft\tourit\venv_yillow\Lib\site-packages\sqlalchemy\engine\default.py", line 952, in do_execute
    cursor.execute(statement, parameters)
    ~~~~~~~~~~~~~~^^^^^^^^^^^^^^^^^^^^^^^
sqlalchemy.exc.OperationalError: (sqlite3.OperationalError) no such table: mls_listings
[SQL: SELECT DISTINCT mls_listings.city AS mls_listings_city 
FROM mls_listings 
WHERE mls_listings.city IS NOT NULL AND mls_listings.city != ?
 LIMIT ? OFFSET ?]
[parameters: ('', 300, 0)]
(Background on this error at: https://sqlalche.me/e/20/e3q8)
127.0.0.1 - - [21/May/2026 14:16:33] "GET /api/search/terms HTTP/1.1" 500 -
127.0.0.1 - - [21/May/2026 14:16:34] "POST /api/listings?view=map HTTP/1.1" 200 -
127.0.0.1 - - [21/May/2026 15:19:10] "GET /api/auth/ HTTP/1.1" 200 -
127.0.0.1 - - [21/May/2026 15:19:11] "POST /api/listings?view=map HTTP/1.1" 200 -
